  main.cpp
D:\DHMT\DHMT_BTL\Nhom 11\Nhom 11\opengl_demo\include\Vector_Matrix.h(1,10): warning C4067: unexpected tokens following preprocessor directive - expected a newline
  (compiling source file 'main.cpp')
  
D:\DHMT\DHMT_BTL\Nhom 11\Nhom 11\opengl_demo\main.cpp(215,72): warning C4305: 'argument': truncation from 'double' to 'GLfloat'
D:\DHMT\DHMT_BTL\Nhom 11\Nhom 11\opengl_demo\main.cpp(215,67): warning C4305: 'argument': truncation from 'double' to 'GLfloat'
D:\DHMT\DHMT_BTL\Nhom 11\Nhom 11\opengl_demo\main.cpp(215,62): warning C4305: 'argument': truncation from 'double' to 'GLfloat'
D:\DHMT\DHMT_BTL\Nhom 11\Nhom 11\opengl_demo\main.cpp(225,68): warning C4305: 'argument': truncation from 'double' to 'GLfloat'
D:\DHMT\DHMT_BTL\Nhom 11\Nhom 11\opengl_demo\main.cpp(235,73): warning C4305: 'argument': truncation from 'double' to 'GLfloat'
D:\DHMT\DHMT_BTL\Nhom 11\Nhom 11\opengl_demo\main.cpp(235,67): warning C4305: 'argument': truncation from 'double' to 'GLfloat'
D:\DHMT\DHMT_BTL\Nhom 11\Nhom 11\opengl_demo\main.cpp(245,67): warning C4305: 'argument': truncation from 'double' to 'GLfloat'
D:\DHMT\DHMT_BTL\Nhom 11\Nhom 11\opengl_demo\main.cpp(245,62): warning C4305: 'argument': truncation from 'double' to 'GLfloat'
D:\DHMT\DHMT_BTL\Nhom 11\Nhom 11\opengl_demo\main.cpp(255,67): warning C4305: 'argument': truncation from 'double' to 'GLfloat'
D:\DHMT\DHMT_BTL\Nhom 11\Nhom 11\opengl_demo\main.cpp(255,62): warning C4305: 'argument': truncation from 'double' to 'GLfloat'
D:\DHMT\DHMT_BTL\Nhom 11\Nhom 11\opengl_demo\main.cpp(261,57): warning C4244: 'argument': conversion from 'int' to 'float', possible loss of data
D:\DHMT\DHMT_BTL\Nhom 11\Nhom 11\opengl_demo\main.cpp(263,29): warning C4305: 'argument': truncation from 'double' to 'float'
D:\DHMT\DHMT_BTL\Nhom 11\Nhom 11\opengl_demo\main.cpp(264,28): warning C4305: 'argument': truncation from 'double' to 'float'
D:\DHMT\DHMT_BTL\Nhom 11\Nhom 11\opengl_demo\main.cpp(265,28): warning C4305: 'argument': truncation from 'double' to 'float'
D:\DHMT\DHMT_BTL\Nhom 11\Nhom 11\opengl_demo\main.cpp(268,30): warning C4305: 'argument': truncation from 'double' to 'float'
D:\DHMT\DHMT_BTL\Nhom 11\Nhom 11\opengl_demo\main.cpp(269,29): warning C4305: 'argument': truncation from 'double' to 'float'
D:\DHMT\DHMT_BTL\Nhom 11\Nhom 11\opengl_demo\main.cpp(270,29): warning C4305: 'argument': truncation from 'double' to 'float'
D:\DHMT\DHMT_BTL\Nhom 11\Nhom 11\opengl_demo\main.cpp(272,29): warning C4305: 'argument': truncation from 'double' to 'float'
D:\DHMT\DHMT_BTL\Nhom 11\Nhom 11\opengl_demo\main.cpp(273,29): warning C4305: 'argument': truncation from 'double' to 'float'
D:\DHMT\DHMT_BTL\Nhom 11\Nhom 11\opengl_demo\main.cpp(274,27): warning C4305: 'argument': truncation from 'double' to 'float'
D:\DHMT\DHMT_BTL\Nhom 11\Nhom 11\opengl_demo\main.cpp(275,28): warning C4305: 'argument': truncation from 'double' to 'float'
D:\DHMT\DHMT_BTL\Nhom 11\Nhom 11\opengl_demo\main.cpp(278,30): warning C4305: 'argument': truncation from 'double' to 'float'
D:\DHMT\DHMT_BTL\Nhom 11\Nhom 11\opengl_demo\main.cpp(279,29): warning C4305: 'argument': truncation from 'double' to 'float'
D:\DHMT\DHMT_BTL\Nhom 11\Nhom 11\opengl_demo\main.cpp(282,37): warning C4305: 'argument': truncation from 'double' to 'float'
D:\DHMT\DHMT_BTL\Nhom 11\Nhom 11\opengl_demo\main.cpp(282,22): warning C4305: 'argument': truncation from 'double' to 'float'
D:\DHMT\DHMT_BTL\Nhom 11\Nhom 11\opengl_demo\main.cpp(282,13): warning C4305: 'argument': truncation from 'double' to 'float'
D:\DHMT\DHMT_BTL\Nhom 11\Nhom 11\opengl_demo\main.cpp(283,36): warning C4305: 'argument': truncation from 'double' to 'float'
D:\DHMT\DHMT_BTL\Nhom 11\Nhom 11\opengl_demo\main.cpp(283,21): warning C4305: 'argument': truncation from 'double' to 'float'
D:\DHMT\DHMT_BTL\Nhom 11\Nhom 11\opengl_demo\main.cpp(283,13): warning C4305: 'argument': truncation from 'double' to 'float'
D:\DHMT\DHMT_BTL\Nhom 11\Nhom 11\opengl_demo\main.cpp(284,35): warning C4305: 'argument': truncation from 'double' to 'float'
D:\DHMT\DHMT_BTL\Nhom 11\Nhom 11\opengl_demo\main.cpp(284,21): warning C4305: 'argument': truncation from 'double' to 'float'
D:\DHMT\DHMT_BTL\Nhom 11\Nhom 11\opengl_demo\main.cpp(285,33): warning C4305: 'argument': truncation from 'double' to 'float'
D:\DHMT\DHMT_BTL\Nhom 11\Nhom 11\opengl_demo\main.cpp(285,20): warning C4305: 'argument': truncation from 'double' to 'float'
D:\DHMT\DHMT_BTL\Nhom 11\Nhom 11\opengl_demo\main.cpp(288,34): warning C4305: 'argument': truncation from 'double' to 'float'
D:\DHMT\DHMT_BTL\Nhom 11\Nhom 11\opengl_demo\main.cpp(288,28): warning C4305: 'argument': truncation from 'double' to 'float'
D:\DHMT\DHMT_BTL\Nhom 11\Nhom 11\opengl_demo\main.cpp(288,17): warning C4305: 'argument': truncation from 'double' to 'float'
D:\DHMT\DHMT_BTL\Nhom 11\Nhom 11\opengl_demo\main.cpp(289,25): warning C4305: 'argument': truncation from 'double' to 'float'
D:\DHMT\DHMT_BTL\Nhom 11\Nhom 11\opengl_demo\main.cpp(289,12): warning C4305: 'argument': truncation from 'double' to 'float'
D:\DHMT\DHMT_BTL\Nhom 11\Nhom 11\opengl_demo\main.cpp(290,25): warning C4305: 'argument': truncation from 'double' to 'float'
D:\DHMT\DHMT_BTL\Nhom 11\Nhom 11\opengl_demo\main.cpp(290,13): warning C4305: 'argument': truncation from 'double' to 'float'
D:\DHMT\DHMT_BTL\Nhom 11\Nhom 11\opengl_demo\main.cpp(305,50): warning C4244: 'argument': conversion from 'int' to 'float', possible loss of data
D:\DHMT\DHMT_BTL\Nhom 11\Nhom 11\opengl_demo\main.cpp(305,76): warning C4305: 'argument': truncation from 'double' to 'float'
D:\DHMT\DHMT_BTL\Nhom 11\Nhom 11\opengl_demo\main.cpp(308,75): warning C4305: 'argument': truncation from 'double' to 'GLfloat'
D:\DHMT\DHMT_BTL\Nhom 11\Nhom 11\opengl_demo\main.cpp(308,69): warning C4305: 'argument': truncation from 'double' to 'GLfloat'
D:\DHMT\DHMT_BTL\Nhom 11\Nhom 11\opengl_demo\main.cpp(308,63): warning C4305: 'argument': truncation from 'double' to 'GLfloat'
D:\DHMT\DHMT_BTL\Nhom 11\Nhom 11\opengl_demo\main.cpp(318,50): warning C4244: 'argument': conversion from 'int' to 'float', possible loss of data
D:\DHMT\DHMT_BTL\Nhom 11\Nhom 11\opengl_demo\main.cpp(318,76): warning C4305: 'argument': truncation from 'double' to 'float'
D:\DHMT\DHMT_BTL\Nhom 11\Nhom 11\opengl_demo\main.cpp(318,66): warning C4305: 'argument': truncation from 'double' to 'float'
D:\DHMT\DHMT_BTL\Nhom 11\Nhom 11\opengl_demo\main.cpp(331,50): warning C4244: 'argument': conversion from 'int' to 'float', possible loss of data
D:\DHMT\DHMT_BTL\Nhom 11\Nhom 11\opengl_demo\main.cpp(331,76): warning C4305: 'argument': truncation from 'double' to 'float'
D:\DHMT\DHMT_BTL\Nhom 11\Nhom 11\opengl_demo\main.cpp(331,71): warning C4305: 'argument': truncation from 'double' to 'float'
D:\DHMT\DHMT_BTL\Nhom 11\Nhom 11\opengl_demo\main.cpp(331,66): warning C4305: 'argument': truncation from 'double' to 'float'
D:\DHMT\DHMT_BTL\Nhom 11\Nhom 11\opengl_demo\main.cpp(334,73): warning C4305: 'argument': truncation from 'double' to 'GLfloat'
D:\DHMT\DHMT_BTL\Nhom 11\Nhom 11\opengl_demo\main.cpp(344,50): warning C4244: 'argument': conversion from 'int' to 'float', possible loss of data
D:\DHMT\DHMT_BTL\Nhom 11\Nhom 11\opengl_demo\main.cpp(344,76): warning C4305: 'argument': truncation from 'double' to 'float'
D:\DHMT\DHMT_BTL\Nhom 11\Nhom 11\opengl_demo\main.cpp(344,71): warning C4305: 'argument': truncation from 'double' to 'float'
D:\DHMT\DHMT_BTL\Nhom 11\Nhom 11\opengl_demo\main.cpp(355,22): warning C4244: 'argument': conversion from 'int' to 'float', possible loss of data
D:\DHMT\DHMT_BTL\Nhom 11\Nhom 11\opengl_demo\main.cpp(355,72): warning C4305: 'argument': truncation from 'double' to 'float'
D:\DHMT\DHMT_BTL\Nhom 11\Nhom 11\opengl_demo\main.cpp(364,55): warning C4244: 'argument': conversion from 'int' to 'float', possible loss of data
D:\DHMT\DHMT_BTL\Nhom 11\Nhom 11\opengl_demo\main.cpp(368,20): warning C4305: 'argument': truncation from 'double' to 'float'
D:\DHMT\DHMT_BTL\Nhom 11\Nhom 11\opengl_demo\main.cpp(390,23): warning C4305: 'argument': truncation from 'double' to 'float'
D:\DHMT\DHMT_BTL\Nhom 11\Nhom 11\opengl_demo\main.cpp(391,26): warning C4305: 'argument': truncation from 'double' to 'float'
D:\DHMT\DHMT_BTL\Nhom 11\Nhom 11\opengl_demo\main.cpp(392,26): warning C4305: 'argument': truncation from 'double' to 'float'
D:\DHMT\DHMT_BTL\Nhom 11\Nhom 11\opengl_demo\main.cpp(393,26): warning C4305: 'argument': truncation from 'double' to 'float'
D:\DHMT\DHMT_BTL\Nhom 11\Nhom 11\opengl_demo\main.cpp(419,74): warning C4305: 'argument': truncation from 'double' to 'GLfloat'
D:\DHMT\DHMT_BTL\Nhom 11\Nhom 11\opengl_demo\main.cpp(419,68): warning C4305: 'argument': truncation from 'double' to 'GLfloat'
D:\DHMT\DHMT_BTL\Nhom 11\Nhom 11\opengl_demo\main.cpp(419,62): warning C4305: 'argument': truncation from 'double' to 'GLfloat'
D:\DHMT\DHMT_BTL\Nhom 11\Nhom 11\opengl_demo\main.cpp(489,24): warning C4305: 'argument': truncation from 'double' to 'float'
D:\DHMT\DHMT_BTL\Nhom 11\Nhom 11\opengl_demo\main.cpp(489,19): warning C4305: 'argument': truncation from 'double' to 'float'
D:\DHMT\DHMT_BTL\Nhom 11\Nhom 11\opengl_demo\main.cpp(490,44): warning C4305: 'argument': truncation from 'double' to 'float'
D:\DHMT\DHMT_BTL\Nhom 11\Nhom 11\opengl_demo\main.cpp(490,39): warning C4305: 'argument': truncation from 'double' to 'float'
D:\DHMT\DHMT_BTL\Nhom 11\Nhom 11\opengl_demo\main.cpp(490,10): warning C4305: 'argument': truncation from 'double' to 'float'
D:\DHMT\DHMT_BTL\Nhom 11\Nhom 11\opengl_demo\main.cpp(493,55): warning C4305: 'argument': truncation from 'double' to 'float'
D:\DHMT\DHMT_BTL\Nhom 11\Nhom 11\opengl_demo\main.cpp(493,104): warning C4305: 'argument': truncation from 'double' to 'float'
D:\DHMT\DHMT_BTL\Nhom 11\Nhom 11\opengl_demo\main.cpp(494,41): warning C4305: 'argument': truncation from 'double' to 'float'
D:\DHMT\DHMT_BTL\Nhom 11\Nhom 11\opengl_demo\main.cpp(494,36): warning C4305: 'argument': truncation from 'double' to 'float'
D:\DHMT\DHMT_BTL\Nhom 11\Nhom 11\opengl_demo\main.cpp(494,28): warning C4305: 'argument': truncation from 'double' to 'float'
D:\DHMT\DHMT_BTL\Nhom 11\Nhom 11\opengl_demo\main.cpp(494,23): warning C4305: 'argument': truncation from 'double' to 'float'
D:\DHMT\DHMT_BTL\Nhom 11\Nhom 11\opengl_demo\main.cpp(494,18): warning C4305: 'argument': truncation from 'double' to 'float'
D:\DHMT\DHMT_BTL\Nhom 11\Nhom 11\opengl_demo\main.cpp(494,10): warning C4305: 'argument': truncation from 'double' to 'float'
D:\DHMT\DHMT_BTL\Nhom 11\Nhom 11\opengl_demo\main.cpp(496,52): warning C4305: 'argument': truncation from 'double' to 'float'
D:\DHMT\DHMT_BTL\Nhom 11\Nhom 11\opengl_demo\main.cpp(496,104): warning C4305: 'argument': truncation from 'double' to 'float'
D:\DHMT\DHMT_BTL\Nhom 11\Nhom 11\opengl_demo\main.cpp(497,54): warning C4305: 'argument': truncation from 'double' to 'float'
D:\DHMT\DHMT_BTL\Nhom 11\Nhom 11\opengl_demo\main.cpp(497,48): warning C4305: 'argument': truncation from 'double' to 'float'
D:\DHMT\DHMT_BTL\Nhom 11\Nhom 11\opengl_demo\main.cpp(497,42): warning C4305: 'argument': truncation from 'double' to 'float'
D:\DHMT\DHMT_BTL\Nhom 11\Nhom 11\opengl_demo\main.cpp(497,37): warning C4305: 'argument': truncation from 'double' to 'float'
D:\DHMT\DHMT_BTL\Nhom 11\Nhom 11\opengl_demo\main.cpp(497,32): warning C4305: 'argument': truncation from 'double' to 'float'
D:\DHMT\DHMT_BTL\Nhom 11\Nhom 11\opengl_demo\main.cpp(497,27): warning C4305: 'argument': truncation from 'double' to 'float'
D:\DHMT\DHMT_BTL\Nhom 11\Nhom 11\opengl_demo\main.cpp(497,12): warning C4305: 'argument': truncation from 'double' to 'float'
D:\DHMT\DHMT_BTL\Nhom 11\Nhom 11\opengl_demo\main.cpp(498,51): warning C4305: 'argument': truncation from 'double' to 'float'
D:\DHMT\DHMT_BTL\Nhom 11\Nhom 11\opengl_demo\main.cpp(498,46): warning C4305: 'argument': truncation from 'double' to 'float'
D:\DHMT\DHMT_BTL\Nhom 11\Nhom 11\opengl_demo\main.cpp(498,37): warning C4305: 'argument': truncation from 'double' to 'float'
D:\DHMT\DHMT_BTL\Nhom 11\Nhom 11\opengl_demo\main.cpp(498,32): warning C4305: 'argument': truncation from 'double' to 'float'
D:\DHMT\DHMT_BTL\Nhom 11\Nhom 11\opengl_demo\main.cpp(498,27): warning C4305: 'argument': truncation from 'double' to 'float'
D:\DHMT\DHMT_BTL\Nhom 11\Nhom 11\opengl_demo\main.cpp(498,18): warning C4305: 'argument': truncation from 'double' to 'float'
D:\DHMT\DHMT_BTL\Nhom 11\Nhom 11\opengl_demo\main.cpp(498,12): warning C4305: 'argument': truncation from 'double' to 'float'
D:\DHMT\DHMT_BTL\Nhom 11\Nhom 11\opengl_demo\main.cpp(499,52): warning C4305: 'argument': truncation from 'double' to 'float'
D:\DHMT\DHMT_BTL\Nhom 11\Nhom 11\opengl_demo\main.cpp(499,105): warning C4305: 'argument': truncation from 'double' to 'float'
D:\DHMT\DHMT_BTL\Nhom 11\Nhom 11\opengl_demo\main.cpp(500,54): warning C4305: 'argument': truncation from 'double' to 'float'
D:\DHMT\DHMT_BTL\Nhom 11\Nhom 11\opengl_demo\main.cpp(500,48): warning C4305: 'argument': truncation from 'double' to 'float'
D:\DHMT\DHMT_BTL\Nhom 11\Nhom 11\opengl_demo\main.cpp(500,42): warning C4305: 'argument': truncation from 'double' to 'float'
D:\DHMT\DHMT_BTL\Nhom 11\Nhom 11\opengl_demo\main.cpp(500,37): warning C4305: 'argument': truncation from 'double' to 'float'
D:\DHMT\DHMT_BTL\Nhom 11\Nhom 11\opengl_demo\main.cpp(500,32): warning C4305: 'argument': truncation from 'double' to 'float'
D:\DHMT\DHMT_BTL\Nhom 11\Nhom 11\opengl_demo\main.cpp(500,27): warning C4305: 'argument': truncation from 'double' to 'float'
D:\DHMT\DHMT_BTL\Nhom 11\Nhom 11\opengl_demo\main.cpp(500,12): warning C4305: 'argument': truncation from 'double' to 'float'
D:\DHMT\DHMT_BTL\Nhom 11\Nhom 11\opengl_demo\main.cpp(501,51): warning C4305: 'argument': truncation from 'double' to 'float'
D:\DHMT\DHMT_BTL\Nhom 11\Nhom 11\opengl_demo\main.cpp(501,46): warning C4305: 'argument': truncation from 'double' to 'float'
D:\DHMT\DHMT_BTL\Nhom 11\Nhom 11\opengl_demo\main.cpp(501,37): warning C4305: 'argument': truncation from 'double' to 'float'
D:\DHMT\DHMT_BTL\Nhom 11\Nhom 11\opengl_demo\main.cpp(501,32): warning C4305: 'argument': truncation from 'double' to 'float'
D:\DHMT\DHMT_BTL\Nhom 11\Nhom 11\opengl_demo\main.cpp(501,27): warning C4305: 'argument': truncation from 'double' to 'float'
D:\DHMT\DHMT_BTL\Nhom 11\Nhom 11\opengl_demo\main.cpp(501,18): warning C4305: 'argument': truncation from 'double' to 'float'
D:\DHMT\DHMT_BTL\Nhom 11\Nhom 11\opengl_demo\main.cpp(501,12): warning C4305: 'argument': truncation from 'double' to 'float'
D:\DHMT\DHMT_BTL\Nhom 11\Nhom 11\opengl_demo\main.cpp(502,57): warning C4305: 'argument': truncation from 'double' to 'float'
D:\DHMT\DHMT_BTL\Nhom 11\Nhom 11\opengl_demo\main.cpp(502,109): warning C4305: 'argument': truncation from 'double' to 'float'
D:\DHMT\DHMT_BTL\Nhom 11\Nhom 11\opengl_demo\main.cpp(503,54): warning C4305: 'argument': truncation from 'double' to 'float'
D:\DHMT\DHMT_BTL\Nhom 11\Nhom 11\opengl_demo\main.cpp(503,48): warning C4305: 'argument': truncation from 'double' to 'float'
D:\DHMT\DHMT_BTL\Nhom 11\Nhom 11\opengl_demo\main.cpp(503,42): warning C4305: 'argument': truncation from 'double' to 'float'
D:\DHMT\DHMT_BTL\Nhom 11\Nhom 11\opengl_demo\main.cpp(503,36): warning C4305: 'argument': truncation from 'double' to 'float'
D:\DHMT\DHMT_BTL\Nhom 11\Nhom 11\opengl_demo\main.cpp(503,31): warning C4305: 'argument': truncation from 'double' to 'float'
D:\DHMT\DHMT_BTL\Nhom 11\Nhom 11\opengl_demo\main.cpp(503,26): warning C4305: 'argument': truncation from 'double' to 'float'
D:\DHMT\DHMT_BTL\Nhom 11\Nhom 11\opengl_demo\main.cpp(503,18): warning C4305: 'argument': truncation from 'double' to 'float'
D:\DHMT\DHMT_BTL\Nhom 11\Nhom 11\opengl_demo\main.cpp(503,12): warning C4305: 'argument': truncation from 'double' to 'float'
D:\DHMT\DHMT_BTL\Nhom 11\Nhom 11\opengl_demo\main.cpp(504,50): warning C4305: 'argument': truncation from 'double' to 'float'
D:\DHMT\DHMT_BTL\Nhom 11\Nhom 11\opengl_demo\main.cpp(504,45): warning C4305: 'argument': truncation from 'double' to 'float'
D:\DHMT\DHMT_BTL\Nhom 11\Nhom 11\opengl_demo\main.cpp(504,36): warning C4305: 'argument': truncation from 'double' to 'float'
D:\DHMT\DHMT_BTL\Nhom 11\Nhom 11\opengl_demo\main.cpp(504,31): warning C4305: 'argument': truncation from 'double' to 'float'
D:\DHMT\DHMT_BTL\Nhom 11\Nhom 11\opengl_demo\main.cpp(504,26): warning C4305: 'argument': truncation from 'double' to 'float'
D:\DHMT\DHMT_BTL\Nhom 11\Nhom 11\opengl_demo\main.cpp(504,18): warning C4305: 'argument': truncation from 'double' to 'float'
D:\DHMT\DHMT_BTL\Nhom 11\Nhom 11\opengl_demo\main.cpp(504,12): warning C4305: 'argument': truncation from 'double' to 'float'
D:\DHMT\DHMT_BTL\Nhom 11\Nhom 11\opengl_demo\main.cpp(505,57): warning C4305: 'argument': truncation from 'double' to 'float'
D:\DHMT\DHMT_BTL\Nhom 11\Nhom 11\opengl_demo\main.cpp(505,108): warning C4305: 'argument': truncation from 'double' to 'float'
D:\DHMT\DHMT_BTL\Nhom 11\Nhom 11\opengl_demo\main.cpp(506,55): warning C4305: 'argument': truncation from 'double' to 'float'
D:\DHMT\DHMT_BTL\Nhom 11\Nhom 11\opengl_demo\main.cpp(506,49): warning C4305: 'argument': truncation from 'double' to 'float'
D:\DHMT\DHMT_BTL\Nhom 11\Nhom 11\opengl_demo\main.cpp(506,43): warning C4305: 'argument': truncation from 'double' to 'float'
D:\DHMT\DHMT_BTL\Nhom 11\Nhom 11\opengl_demo\main.cpp(506,37): warning C4305: 'argument': truncation from 'double' to 'float'
D:\DHMT\DHMT_BTL\Nhom 11\Nhom 11\opengl_demo\main.cpp(506,32): warning C4305: 'argument': truncation from 'double' to 'float'
D:\DHMT\DHMT_BTL\Nhom 11\Nhom 11\opengl_demo\main.cpp(506,27): warning C4305: 'argument': truncation from 'double' to 'float'
D:\DHMT\DHMT_BTL\Nhom 11\Nhom 11\opengl_demo\main.cpp(506,19): warning C4305: 'argument': truncation from 'double' to 'float'
D:\DHMT\DHMT_BTL\Nhom 11\Nhom 11\opengl_demo\main.cpp(506,12): warning C4305: 'argument': truncation from 'double' to 'float'
D:\DHMT\DHMT_BTL\Nhom 11\Nhom 11\opengl_demo\main.cpp(507,51): warning C4305: 'argument': truncation from 'double' to 'float'
D:\DHMT\DHMT_BTL\Nhom 11\Nhom 11\opengl_demo\main.cpp(507,46): warning C4305: 'argument': truncation from 'double' to 'float'
D:\DHMT\DHMT_BTL\Nhom 11\Nhom 11\opengl_demo\main.cpp(507,37): warning C4305: 'argument': truncation from 'double' to 'float'
D:\DHMT\DHMT_BTL\Nhom 11\Nhom 11\opengl_demo\main.cpp(507,32): warning C4305: 'argument': truncation from 'double' to 'float'
D:\DHMT\DHMT_BTL\Nhom 11\Nhom 11\opengl_demo\main.cpp(507,27): warning C4305: 'argument': truncation from 'double' to 'float'
D:\DHMT\DHMT_BTL\Nhom 11\Nhom 11\opengl_demo\main.cpp(507,19): warning C4305: 'argument': truncation from 'double' to 'float'
D:\DHMT\DHMT_BTL\Nhom 11\Nhom 11\opengl_demo\main.cpp(507,12): warning C4305: 'argument': truncation from 'double' to 'float'
D:\DHMT\DHMT_BTL\Nhom 11\Nhom 11\opengl_demo\main.cpp(534,74): warning C4305: 'argument': truncation from 'double' to 'GLfloat'
D:\DHMT\DHMT_BTL\Nhom 11\Nhom 11\opengl_demo\main.cpp(534,68): warning C4305: 'argument': truncation from 'double' to 'GLfloat'
D:\DHMT\DHMT_BTL\Nhom 11\Nhom 11\opengl_demo\main.cpp(534,62): warning C4305: 'argument': truncation from 'double' to 'GLfloat'
D:\DHMT\DHMT_BTL\Nhom 11\Nhom 11\opengl_demo\main.cpp(544,72): warning C4305: 'argument': truncation from 'double' to 'GLfloat'
D:\DHMT\DHMT_BTL\Nhom 11\Nhom 11\opengl_demo\main.cpp(544,67): warning C4305: 'argument': truncation from 'double' to 'GLfloat'
D:\DHMT\DHMT_BTL\Nhom 11\Nhom 11\opengl_demo\main.cpp(544,62): warning C4305: 'argument': truncation from 'double' to 'GLfloat'
D:\DHMT\DHMT_BTL\Nhom 11\Nhom 11\opengl_demo\main.cpp(553,74): warning C4305: 'argument': truncation from 'double' to 'GLfloat'
D:\DHMT\DHMT_BTL\Nhom 11\Nhom 11\opengl_demo\main.cpp(553,68): warning C4305: 'argument': truncation from 'double' to 'GLfloat'
D:\DHMT\DHMT_BTL\Nhom 11\Nhom 11\opengl_demo\main.cpp(553,62): warning C4305: 'argument': truncation from 'double' to 'GLfloat'
D:\DHMT\DHMT_BTL\Nhom 11\Nhom 11\opengl_demo\main.cpp(561,72): warning C4305: 'argument': truncation from 'double' to 'GLfloat'
D:\DHMT\DHMT_BTL\Nhom 11\Nhom 11\opengl_demo\main.cpp(561,67): warning C4305: 'argument': truncation from 'double' to 'GLfloat'
D:\DHMT\DHMT_BTL\Nhom 11\Nhom 11\opengl_demo\main.cpp(561,62): warning C4305: 'argument': truncation from 'double' to 'GLfloat'
D:\DHMT\DHMT_BTL\Nhom 11\Nhom 11\opengl_demo\main.cpp(567,50): warning C4244: 'argument': conversion from 'int' to 'float', possible loss of data
D:\DHMT\DHMT_BTL\Nhom 11\Nhom 11\opengl_demo\main.cpp(568,30): warning C4305: 'argument': truncation from 'double' to 'float'
D:\DHMT\DHMT_BTL\Nhom 11\Nhom 11\opengl_demo\main.cpp(569,38): warning C4305: 'argument': truncation from 'double' to 'float'
D:\DHMT\DHMT_BTL\Nhom 11\Nhom 11\opengl_demo\main.cpp(569,33): warning C4305: 'argument': truncation from 'double' to 'float'
D:\DHMT\DHMT_BTL\Nhom 11\Nhom 11\opengl_demo\main.cpp(569,27): warning C4305: 'argument': truncation from 'double' to 'float'
D:\DHMT\DHMT_BTL\Nhom 11\Nhom 11\opengl_demo\main.cpp(569,16): warning C4305: 'argument': truncation from 'double' to 'float'
D:\DHMT\DHMT_BTL\Nhom 11\Nhom 11\opengl_demo\main.cpp(569,11): warning C4305: 'argument': truncation from 'double' to 'float'
D:\DHMT\DHMT_BTL\Nhom 11\Nhom 11\opengl_demo\main.cpp(570,39): warning C4305: 'argument': truncation from 'double' to 'float'
D:\DHMT\DHMT_BTL\Nhom 11\Nhom 11\opengl_demo\main.cpp(570,34): warning C4305: 'argument': truncation from 'double' to 'float'
D:\DHMT\DHMT_BTL\Nhom 11\Nhom 11\opengl_demo\main.cpp(570,28): warning C4305: 'argument': truncation from 'double' to 'float'
D:\DHMT\DHMT_BTL\Nhom 11\Nhom 11\opengl_demo\main.cpp(570,16): warning C4305: 'argument': truncation from 'double' to 'float'
D:\DHMT\DHMT_BTL\Nhom 11\Nhom 11\opengl_demo\main.cpp(570,11): warning C4305: 'argument': truncation from 'double' to 'float'
D:\DHMT\DHMT_BTL\Nhom 11\Nhom 11\opengl_demo\main.cpp(571,39): warning C4305: 'argument': truncation from 'double' to 'float'
D:\DHMT\DHMT_BTL\Nhom 11\Nhom 11\opengl_demo\main.cpp(571,34): warning C4305: 'argument': truncation from 'double' to 'float'
D:\DHMT\DHMT_BTL\Nhom 11\Nhom 11\opengl_demo\main.cpp(571,28): warning C4305: 'argument': truncation from 'double' to 'float'
D:\DHMT\DHMT_BTL\Nhom 11\Nhom 11\opengl_demo\main.cpp(571,17): warning C4305: 'argument': truncation from 'double' to 'float'
D:\DHMT\DHMT_BTL\Nhom 11\Nhom 11\opengl_demo\main.cpp(571,11): warning C4305: 'argument': truncation from 'double' to 'float'
D:\DHMT\DHMT_BTL\Nhom 11\Nhom 11\opengl_demo\main.cpp(572,40): warning C4305: 'argument': truncation from 'double' to 'float'
D:\DHMT\DHMT_BTL\Nhom 11\Nhom 11\opengl_demo\main.cpp(572,35): warning C4305: 'argument': truncation from 'double' to 'float'
D:\DHMT\DHMT_BTL\Nhom 11\Nhom 11\opengl_demo\main.cpp(572,29): warning C4305: 'argument': truncation from 'double' to 'float'
D:\DHMT\DHMT_BTL\Nhom 11\Nhom 11\opengl_demo\main.cpp(572,17): warning C4305: 'argument': truncation from 'double' to 'float'
D:\DHMT\DHMT_BTL\Nhom 11\Nhom 11\opengl_demo\main.cpp(572,11): warning C4305: 'argument': truncation from 'double' to 'float'
D:\DHMT\DHMT_BTL\Nhom 11\Nhom 11\opengl_demo\main.cpp(574,32): warning C4305: 'argument': truncation from 'double' to 'float'
D:\DHMT\DHMT_BTL\Nhom 11\Nhom 11\opengl_demo\main.cpp(574,27): warning C4305: 'argument': truncation from 'double' to 'float'
D:\DHMT\DHMT_BTL\Nhom 11\Nhom 11\opengl_demo\main.cpp(574,16): warning C4305: 'argument': truncation from 'double' to 'float'
D:\DHMT\DHMT_BTL\Nhom 11\Nhom 11\opengl_demo\main.cpp(590,72): warning C4305: 'argument': truncation from 'double' to 'GLfloat'
D:\DHMT\DHMT_BTL\Nhom 11\Nhom 11\opengl_demo\main.cpp(590,67): warning C4305: 'argument': truncation from 'double' to 'GLfloat'
D:\DHMT\DHMT_BTL\Nhom 11\Nhom 11\opengl_demo\main.cpp(590,62): warning C4305: 'argument': truncation from 'double' to 'GLfloat'
D:\DHMT\DHMT_BTL\Nhom 11\Nhom 11\opengl_demo\main.cpp(600,72): warning C4305: 'argument': truncation from 'double' to 'GLfloat'
D:\DHMT\DHMT_BTL\Nhom 11\Nhom 11\opengl_demo\main.cpp(600,67): warning C4305: 'argument': truncation from 'double' to 'GLfloat'
D:\DHMT\DHMT_BTL\Nhom 11\Nhom 11\opengl_demo\main.cpp(600,62): warning C4305: 'argument': truncation from 'double' to 'GLfloat'
D:\DHMT\DHMT_BTL\Nhom 11\Nhom 11\opengl_demo\main.cpp(609,71): warning C4305: 'argument': truncation from 'double' to 'GLfloat'
D:\DHMT\DHMT_BTL\Nhom 11\Nhom 11\opengl_demo\main.cpp(609,65): warning C4305: 'argument': truncation from 'double' to 'GLfloat'
D:\DHMT\DHMT_BTL\Nhom 11\Nhom 11\opengl_demo\main.cpp(615,50): warning C4244: 'argument': conversion from 'int' to 'float', possible loss of data
D:\DHMT\DHMT_BTL\Nhom 11\Nhom 11\opengl_demo\main.cpp(617,30): warning C4305: 'argument': truncation from 'double' to 'float'
D:\DHMT\DHMT_BTL\Nhom 11\Nhom 11\opengl_demo\main.cpp(618,39): warning C4305: 'argument': truncation from 'double' to 'float'
D:\DHMT\DHMT_BTL\Nhom 11\Nhom 11\opengl_demo\main.cpp(618,28): warning C4305: 'argument': truncation from 'double' to 'float'
D:\DHMT\DHMT_BTL\Nhom 11\Nhom 11\opengl_demo\main.cpp(618,16): warning C4305: 'argument': truncation from 'double' to 'float'
D:\DHMT\DHMT_BTL\Nhom 11\Nhom 11\opengl_demo\main.cpp(618,11): warning C4305: 'argument': truncation from 'double' to 'float'
D:\DHMT\DHMT_BTL\Nhom 11\Nhom 11\opengl_demo\main.cpp(619,40): warning C4305: 'argument': truncation from 'double' to 'float'
D:\DHMT\DHMT_BTL\Nhom 11\Nhom 11\opengl_demo\main.cpp(619,29): warning C4305: 'argument': truncation from 'double' to 'float'
D:\DHMT\DHMT_BTL\Nhom 11\Nhom 11\opengl_demo\main.cpp(619,16): warning C4305: 'argument': truncation from 'double' to 'float'
D:\DHMT\DHMT_BTL\Nhom 11\Nhom 11\opengl_demo\main.cpp(619,11): warning C4305: 'argument': truncation from 'double' to 'float'
D:\DHMT\DHMT_BTL\Nhom 11\Nhom 11\opengl_demo\main.cpp(620,40): warning C4305: 'argument': truncation from 'double' to 'float'
D:\DHMT\DHMT_BTL\Nhom 11\Nhom 11\opengl_demo\main.cpp(620,29): warning C4305: 'argument': truncation from 'double' to 'float'
D:\DHMT\DHMT_BTL\Nhom 11\Nhom 11\opengl_demo\main.cpp(620,17): warning C4305: 'argument': truncation from 'double' to 'float'
D:\DHMT\DHMT_BTL\Nhom 11\Nhom 11\opengl_demo\main.cpp(620,11): warning C4305: 'argument': truncation from 'double' to 'float'
D:\DHMT\DHMT_BTL\Nhom 11\Nhom 11\opengl_demo\main.cpp(621,41): warning C4305: 'argument': truncation from 'double' to 'float'
D:\DHMT\DHMT_BTL\Nhom 11\Nhom 11\opengl_demo\main.cpp(621,30): warning C4305: 'argument': truncation from 'double' to 'float'
D:\DHMT\DHMT_BTL\Nhom 11\Nhom 11\opengl_demo\main.cpp(621,17): warning C4305: 'argument': truncation from 'double' to 'float'
D:\DHMT\DHMT_BTL\Nhom 11\Nhom 11\opengl_demo\main.cpp(621,11): warning C4305: 'argument': truncation from 'double' to 'float'
D:\DHMT\DHMT_BTL\Nhom 11\Nhom 11\opengl_demo\main.cpp(629,13): warning C4305: 'argument': truncation from 'double' to 'float'
D:\DHMT\DHMT_BTL\Nhom 11\Nhom 11\opengl_demo\main.cpp(633,13): warning C4305: 'argument': truncation from 'double' to 'float'
D:\DHMT\DHMT_BTL\Nhom 11\Nhom 11\opengl_demo\main.cpp(637,13): warning C4305: 'argument': truncation from 'double' to 'float'
D:\DHMT\DHMT_BTL\Nhom 11\Nhom 11\opengl_demo\main.cpp(641,13): warning C4305: 'argument': truncation from 'double' to 'float'
D:\DHMT\DHMT_BTL\Nhom 11\Nhom 11\opengl_demo\main.cpp(645,13): warning C4305: 'argument': truncation from 'double' to 'float'
D:\DHMT\DHMT_BTL\Nhom 11\Nhom 11\opengl_demo\main.cpp(649,13): warning C4305: 'argument': truncation from 'double' to 'float'
D:\DHMT\DHMT_BTL\Nhom 11\Nhom 11\opengl_demo\main.cpp(653,13): warning C4305: 'argument': truncation from 'double' to 'float'
D:\DHMT\DHMT_BTL\Nhom 11\Nhom 11\opengl_demo\main.cpp(657,13): warning C4305: 'argument': truncation from 'double' to 'float'
D:\DHMT\DHMT_BTL\Nhom 11\Nhom 11\opengl_demo\main.cpp(661,13): warning C4305: 'argument': truncation from 'double' to 'float'
D:\DHMT\DHMT_BTL\Nhom 11\Nhom 11\opengl_demo\main.cpp(665,13): warning C4305: 'argument': truncation from 'double' to 'float'
D:\DHMT\DHMT_BTL\Nhom 11\Nhom 11\opengl_demo\main.cpp(669,13): warning C4305: 'argument': truncation from 'double' to 'float'
D:\DHMT\DHMT_BTL\Nhom 11\Nhom 11\opengl_demo\main.cpp(673,13): warning C4305: 'argument': truncation from 'double' to 'float'
D:\DHMT\DHMT_BTL\Nhom 11\Nhom 11\opengl_demo\main.cpp(677,13): warning C4305: 'argument': truncation from 'double' to 'float'
D:\DHMT\DHMT_BTL\Nhom 11\Nhom 11\opengl_demo\main.cpp(681,13): warning C4305: 'argument': truncation from 'double' to 'float'
D:\DHMT\DHMT_BTL\Nhom 11\Nhom 11\opengl_demo\main.cpp(685,13): warning C4305: 'argument': truncation from 'double' to 'float'
D:\DHMT\DHMT_BTL\Nhom 11\Nhom 11\opengl_demo\main.cpp(689,13): warning C4305: 'argument': truncation from 'double' to 'float'
D:\DHMT\DHMT_BTL\Nhom 11\Nhom 11\opengl_demo\main.cpp(693,13): warning C4305: 'argument': truncation from 'double' to 'float'
D:\DHMT\DHMT_BTL\Nhom 11\Nhom 11\opengl_demo\main.cpp(697,13): warning C4305: 'argument': truncation from 'double' to 'float'
D:\DHMT\DHMT_BTL\Nhom 11\Nhom 11\opengl_demo\main.cpp(703,12): warning C4305: 'argument': truncation from 'double' to 'float'
D:\DHMT\DHMT_BTL\Nhom 11\Nhom 11\opengl_demo\main.cpp(707,12): warning C4305: 'argument': truncation from 'double' to 'float'
D:\DHMT\DHMT_BTL\Nhom 11\Nhom 11\opengl_demo\main.cpp(711,12): warning C4305: 'argument': truncation from 'double' to 'float'
D:\DHMT\DHMT_BTL\Nhom 11\Nhom 11\opengl_demo\main.cpp(715,12): warning C4305: 'argument': truncation from 'double' to 'float'
D:\DHMT\DHMT_BTL\Nhom 11\Nhom 11\opengl_demo\main.cpp(719,12): warning C4305: 'argument': truncation from 'double' to 'float'
D:\DHMT\DHMT_BTL\Nhom 11\Nhom 11\opengl_demo\main.cpp(723,12): warning C4305: 'argument': truncation from 'double' to 'float'
D:\DHMT\DHMT_BTL\Nhom 11\Nhom 11\opengl_demo\main.cpp(727,12): warning C4305: 'argument': truncation from 'double' to 'float'
D:\DHMT\DHMT_BTL\Nhom 11\Nhom 11\opengl_demo\main.cpp(731,12): warning C4305: 'argument': truncation from 'double' to 'float'
D:\DHMT\DHMT_BTL\Nhom 11\Nhom 11\opengl_demo\main.cpp(735,12): warning C4305: 'argument': truncation from 'double' to 'float'
D:\DHMT\DHMT_BTL\Nhom 11\Nhom 11\opengl_demo\main.cpp(739,12): warning C4305: 'argument': truncation from 'double' to 'float'
D:\DHMT\DHMT_BTL\Nhom 11\Nhom 11\opengl_demo\main.cpp(743,12): warning C4305: 'argument': truncation from 'double' to 'float'
D:\DHMT\DHMT_BTL\Nhom 11\Nhom 11\opengl_demo\main.cpp(747,12): warning C4305: 'argument': truncation from 'double' to 'float'
D:\DHMT\DHMT_BTL\Nhom 11\Nhom 11\opengl_demo\main.cpp(751,12): warning C4305: 'argument': truncation from 'double' to 'float'
D:\DHMT\DHMT_BTL\Nhom 11\Nhom 11\opengl_demo\main.cpp(755,12): warning C4305: 'argument': truncation from 'double' to 'float'
D:\DHMT\DHMT_BTL\Nhom 11\Nhom 11\opengl_demo\main.cpp(759,12): warning C4305: 'argument': truncation from 'double' to 'float'
D:\DHMT\DHMT_BTL\Nhom 11\Nhom 11\opengl_demo\main.cpp(763,12): warning C4305: 'argument': truncation from 'double' to 'float'
D:\DHMT\DHMT_BTL\Nhom 11\Nhom 11\opengl_demo\main.cpp(767,12): warning C4305: 'argument': truncation from 'double' to 'float'
D:\DHMT\DHMT_BTL\Nhom 11\Nhom 11\opengl_demo\main.cpp(771,12): warning C4305: 'argument': truncation from 'double' to 'float'
D:\DHMT\DHMT_BTL\Nhom 11\Nhom 11\opengl_demo\main.cpp(783,34): warning C4305: 'argument': truncation from 'double' to 'float'
D:\DHMT\DHMT_BTL\Nhom 11\Nhom 11\opengl_demo\main.cpp(783,64): warning C4305: 'argument': truncation from 'double' to 'float'
D:\DHMT\DHMT_BTL\Nhom 11\Nhom 11\opengl_demo\main.cpp(783,59): warning C4305: 'argument': truncation from 'double' to 'float'
D:\DHMT\DHMT_BTL\Nhom 11\Nhom 11\opengl_demo\main.cpp(783,54): warning C4305: 'argument': truncation from 'double' to 'float'
D:\DHMT\DHMT_BTL\Nhom 11\Nhom 11\opengl_demo\main.cpp(786,74): warning C4305: 'argument': truncation from 'double' to 'GLfloat'
D:\DHMT\DHMT_BTL\Nhom 11\Nhom 11\opengl_demo\main.cpp(786,68): warning C4305: 'argument': truncation from 'double' to 'GLfloat'
D:\DHMT\DHMT_BTL\Nhom 11\Nhom 11\opengl_demo\main.cpp(786,62): warning C4305: 'argument': truncation from 'double' to 'GLfloat'
D:\DHMT\DHMT_BTL\Nhom 11\Nhom 11\opengl_demo\main.cpp(791,38): warning C4305: 'argument': truncation from 'double' to 'float'
D:\DHMT\DHMT_BTL\Nhom 11\Nhom 11\opengl_demo\main.cpp(791,28): warning C4305: 'argument': truncation from 'double' to 'float'
D:\DHMT\DHMT_BTL\Nhom 11\Nhom 11\opengl_demo\main.cpp(791,69): warning C4305: 'argument': truncation from 'double' to 'float'
D:\DHMT\DHMT_BTL\Nhom 11\Nhom 11\opengl_demo\main.cpp(791,64): warning C4305: 'argument': truncation from 'double' to 'float'
D:\DHMT\DHMT_BTL\Nhom 11\Nhom 11\opengl_demo\main.cpp(791,58): warning C4305: 'argument': truncation from 'double' to 'float'
D:\DHMT\DHMT_BTL\Nhom 11\Nhom 11\opengl_demo\main.cpp(794,74): warning C4305: 'argument': truncation from 'double' to 'GLfloat'
D:\DHMT\DHMT_BTL\Nhom 11\Nhom 11\opengl_demo\main.cpp(794,68): warning C4305: 'argument': truncation from 'double' to 'GLfloat'
D:\DHMT\DHMT_BTL\Nhom 11\Nhom 11\opengl_demo\main.cpp(794,62): warning C4305: 'argument': truncation from 'double' to 'GLfloat'
D:\DHMT\DHMT_BTL\Nhom 11\Nhom 11\opengl_demo\main.cpp(799,37): warning C4305: 'argument': truncation from 'double' to 'float'
D:\DHMT\DHMT_BTL\Nhom 11\Nhom 11\opengl_demo\main.cpp(799,28): warning C4305: 'argument': truncation from 'double' to 'float'
D:\DHMT\DHMT_BTL\Nhom 11\Nhom 11\opengl_demo\main.cpp(799,68): warning C4305: 'argument': truncation from 'double' to 'float'
D:\DHMT\DHMT_BTL\Nhom 11\Nhom 11\opengl_demo\main.cpp(799,63): warning C4305: 'argument': truncation from 'double' to 'float'
D:\DHMT\DHMT_BTL\Nhom 11\Nhom 11\opengl_demo\main.cpp(799,57): warning C4305: 'argument': truncation from 'double' to 'float'
D:\DHMT\DHMT_BTL\Nhom 11\Nhom 11\opengl_demo\main.cpp(802,74): warning C4305: 'argument': truncation from 'double' to 'GLfloat'
D:\DHMT\DHMT_BTL\Nhom 11\Nhom 11\opengl_demo\main.cpp(802,68): warning C4305: 'argument': truncation from 'double' to 'GLfloat'
D:\DHMT\DHMT_BTL\Nhom 11\Nhom 11\opengl_demo\main.cpp(802,62): warning C4305: 'argument': truncation from 'double' to 'GLfloat'
D:\DHMT\DHMT_BTL\Nhom 11\Nhom 11\opengl_demo\main.cpp(807,39): warning C4305: 'argument': truncation from 'double' to 'float'
D:\DHMT\DHMT_BTL\Nhom 11\Nhom 11\opengl_demo\main.cpp(807,33): warning C4305: 'argument': truncation from 'double' to 'float'
D:\DHMT\DHMT_BTL\Nhom 11\Nhom 11\opengl_demo\main.cpp(807,28): warning C4305: 'argument': truncation from 'double' to 'float'
D:\DHMT\DHMT_BTL\Nhom 11\Nhom 11\opengl_demo\main.cpp(807,89): warning C4305: 'argument': truncation from 'double' to 'float'
D:\DHMT\DHMT_BTL\Nhom 11\Nhom 11\opengl_demo\main.cpp(807,119): warning C4305: 'argument': truncation from 'double' to 'float'
D:\DHMT\DHMT_BTL\Nhom 11\Nhom 11\opengl_demo\main.cpp(807,113): warning C4305: 'argument': truncation from 'double' to 'float'
D:\DHMT\DHMT_BTL\Nhom 11\Nhom 11\opengl_demo\main.cpp(807,108): warning C4305: 'argument': truncation from 'double' to 'float'
D:\DHMT\DHMT_BTL\Nhom 11\Nhom 11\opengl_demo\main.cpp(810,74): warning C4305: 'argument': truncation from 'double' to 'GLfloat'
D:\DHMT\DHMT_BTL\Nhom 11\Nhom 11\opengl_demo\main.cpp(810,68): warning C4305: 'argument': truncation from 'double' to 'GLfloat'
D:\DHMT\DHMT_BTL\Nhom 11\Nhom 11\opengl_demo\main.cpp(810,62): warning C4305: 'argument': truncation from 'double' to 'GLfloat'
D:\DHMT\DHMT_BTL\Nhom 11\Nhom 11\opengl_demo\main.cpp(815,40): warning C4305: 'argument': truncation from 'double' to 'float'
D:\DHMT\DHMT_BTL\Nhom 11\Nhom 11\opengl_demo\main.cpp(815,34): warning C4305: 'argument': truncation from 'double' to 'float'
D:\DHMT\DHMT_BTL\Nhom 11\Nhom 11\opengl_demo\main.cpp(815,28): warning C4305: 'argument': truncation from 'double' to 'float'
D:\DHMT\DHMT_BTL\Nhom 11\Nhom 11\opengl_demo\main.cpp(815,90): warning C4305: 'argument': truncation from 'double' to 'float'
D:\DHMT\DHMT_BTL\Nhom 11\Nhom 11\opengl_demo\main.cpp(815,120): warning C4305: 'argument': truncation from 'double' to 'float'
D:\DHMT\DHMT_BTL\Nhom 11\Nhom 11\opengl_demo\main.cpp(815,114): warning C4305: 'argument': truncation from 'double' to 'float'
D:\DHMT\DHMT_BTL\Nhom 11\Nhom 11\opengl_demo\main.cpp(815,109): warning C4305: 'argument': truncation from 'double' to 'float'
D:\DHMT\DHMT_BTL\Nhom 11\Nhom 11\opengl_demo\main.cpp(818,74): warning C4305: 'argument': truncation from 'double' to 'GLfloat'
D:\DHMT\DHMT_BTL\Nhom 11\Nhom 11\opengl_demo\main.cpp(818,68): warning C4305: 'argument': truncation from 'double' to 'GLfloat'
D:\DHMT\DHMT_BTL\Nhom 11\Nhom 11\opengl_demo\main.cpp(818,62): warning C4305: 'argument': truncation from 'double' to 'GLfloat'
D:\DHMT\DHMT_BTL\Nhom 11\Nhom 11\opengl_demo\main.cpp(822,52): warning C4244: 'argument': conversion from 'int' to 'float', possible loss of data
D:\DHMT\DHMT_BTL\Nhom 11\Nhom 11\opengl_demo\main.cpp(839,56): warning C4305: 'argument': truncation from 'double' to 'float'
D:\DHMT\DHMT_BTL\Nhom 11\Nhom 11\opengl_demo\main.cpp(839,51): warning C4305: 'argument': truncation from 'double' to 'float'
D:\DHMT\DHMT_BTL\Nhom 11\Nhom 11\opengl_demo\main.cpp(842,76): warning C4305: 'argument': truncation from 'double' to 'GLfloat'
D:\DHMT\DHMT_BTL\Nhom 11\Nhom 11\opengl_demo\main.cpp(842,69): warning C4305: 'argument': truncation from 'double' to 'GLfloat'
D:\DHMT\DHMT_BTL\Nhom 11\Nhom 11\opengl_demo\main.cpp(842,62): warning C4305: 'argument': truncation from 'double' to 'GLfloat'
D:\DHMT\DHMT_BTL\Nhom 11\Nhom 11\opengl_demo\main.cpp(849,56): warning C4305: 'argument': truncation from 'double' to 'float'
D:\DHMT\DHMT_BTL\Nhom 11\Nhom 11\opengl_demo\main.cpp(849,51): warning C4305: 'argument': truncation from 'double' to 'float'
D:\DHMT\DHMT_BTL\Nhom 11\Nhom 11\opengl_demo\main.cpp(852,76): warning C4305: 'argument': truncation from 'double' to 'GLfloat'
D:\DHMT\DHMT_BTL\Nhom 11\Nhom 11\opengl_demo\main.cpp(852,69): warning C4305: 'argument': truncation from 'double' to 'GLfloat'
D:\DHMT\DHMT_BTL\Nhom 11\Nhom 11\opengl_demo\main.cpp(852,62): warning C4305: 'argument': truncation from 'double' to 'GLfloat'
D:\DHMT\DHMT_BTL\Nhom 11\Nhom 11\opengl_demo\main.cpp(860,81): warning C4305: 'argument': truncation from 'double' to 'float'
D:\DHMT\DHMT_BTL\Nhom 11\Nhom 11\opengl_demo\main.cpp(860,76): warning C4305: 'argument': truncation from 'double' to 'float'
D:\DHMT\DHMT_BTL\Nhom 11\Nhom 11\opengl_demo\main.cpp(860,71): warning C4305: 'argument': truncation from 'double' to 'float'
D:\DHMT\DHMT_BTL\Nhom 11\Nhom 11\opengl_demo\main.cpp(870,15): warning C4305: 'argument': truncation from 'double' to 'float'
D:\DHMT\DHMT_BTL\Nhom 11\Nhom 11\opengl_demo\main.cpp(871,14): warning C4305: 'argument': truncation from 'double' to 'float'
D:\DHMT\DHMT_BTL\Nhom 11\Nhom 11\opengl_demo\main.cpp(872,15): warning C4305: 'argument': truncation from 'double' to 'float'
D:\DHMT\DHMT_BTL\Nhom 11\Nhom 11\opengl_demo\main.cpp(873,14): warning C4305: 'argument': truncation from 'double' to 'float'
D:\DHMT\DHMT_BTL\Nhom 11\Nhom 11\opengl_demo\main.cpp(883,62): warning C4305: 'argument': truncation from 'double' to 'float'
D:\DHMT\DHMT_BTL\Nhom 11\Nhom 11\opengl_demo\main.cpp(892,16): warning C4305: 'argument': truncation from 'double' to 'float'
D:\DHMT\DHMT_BTL\Nhom 11\Nhom 11\opengl_demo\main.cpp(892,11): warning C4305: 'argument': truncation from 'double' to 'float'
D:\DHMT\DHMT_BTL\Nhom 11\Nhom 11\opengl_demo\main.cpp(892,6): warning C4305: 'argument': truncation from 'double' to 'float'
D:\DHMT\DHMT_BTL\Nhom 11\Nhom 11\opengl_demo\main.cpp(903,68): warning C4305: 'argument': truncation from 'double' to 'GLfloat'
D:\DHMT\DHMT_BTL\Nhom 11\Nhom 11\opengl_demo\main.cpp(909,30): warning C4305: 'argument': truncation from 'double' to 'float'
D:\DHMT\DHMT_BTL\Nhom 11\Nhom 11\opengl_demo\main.cpp(910,34): warning C4305: 'argument': truncation from 'double' to 'float'
D:\DHMT\DHMT_BTL\Nhom 11\Nhom 11\opengl_demo\main.cpp(1057,12): warning C4305: '-=': truncation from 'double' to 'float'
D:\DHMT\DHMT_BTL\Nhom 11\Nhom 11\opengl_demo\main.cpp(1058,29): warning C4305: '=': truncation from 'double' to 'float'
D:\DHMT\DHMT_BTL\Nhom 11\Nhom 11\opengl_demo\main.cpp(1062,12): warning C4305: '+=': truncation from 'double' to 'float'
  opengl_demo.vcxproj -> D:\DHMT\DHMT_BTL\Nhom 11\Nhom 11\x64\Debug\opengl_demo.exe
