  main.cpp
D:\DHMT\DHMT_BTL_final\Nhom 6_PhongHocA8_BTL\opengl_demo\include\Vector_Matrix.h(1,10): warning C4067: unexpected tokens following preprocessor directive - expected a newline
  (compiling source file 'main.cpp')
  
D:\DHMT\DHMT_BTL_final\Nhom 6_PhongHocA8_BTL\opengl_demo\main.cpp(208,72): warning C4305: 'argument': truncation from 'double' to 'GLfloat'
D:\DHMT\DHMT_BTL_final\Nhom 6_PhongHocA8_BTL\opengl_demo\main.cpp(208,67): warning C4305: 'argument': truncation from 'double' to 'GLfloat'
D:\DHMT\DHMT_BTL_final\Nhom 6_PhongHocA8_BTL\opengl_demo\main.cpp(208,62): warning C4305: 'argument': truncation from 'double' to 'GLfloat'
D:\DHMT\DHMT_BTL_final\Nhom 6_PhongHocA8_BTL\opengl_demo\main.cpp(218,68): warning C4305: 'argument': truncation from 'double' to 'GLfloat'
D:\DHMT\DHMT_BTL_final\Nhom 6_PhongHocA8_BTL\opengl_demo\main.cpp(228,73): warning C4305: 'argument': truncation from 'double' to 'GLfloat'
D:\DHMT\DHMT_BTL_final\Nhom 6_PhongHocA8_BTL\opengl_demo\main.cpp(228,67): warning C4305: 'argument': truncation from 'double' to 'GLfloat'
D:\DHMT\DHMT_BTL_final\Nhom 6_PhongHocA8_BTL\opengl_demo\main.cpp(238,67): warning C4305: 'argument': truncation from 'double' to 'GLfloat'
D:\DHMT\DHMT_BTL_final\Nhom 6_PhongHocA8_BTL\opengl_demo\main.cpp(238,62): warning C4305: 'argument': truncation from 'double' to 'GLfloat'
D:\DHMT\DHMT_BTL_final\Nhom 6_PhongHocA8_BTL\opengl_demo\main.cpp(248,67): warning C4305: 'argument': truncation from 'double' to 'GLfloat'
D:\DHMT\DHMT_BTL_final\Nhom 6_PhongHocA8_BTL\opengl_demo\main.cpp(248,62): warning C4305: 'argument': truncation from 'double' to 'GLfloat'
D:\DHMT\DHMT_BTL_final\Nhom 6_PhongHocA8_BTL\opengl_demo\main.cpp(255,57): warning C4244: 'argument': conversion from 'int' to 'float', possible loss of data
D:\DHMT\DHMT_BTL_final\Nhom 6_PhongHocA8_BTL\opengl_demo\main.cpp(283,37): warning C4305: 'argument': truncation from 'double' to 'float'
D:\DHMT\DHMT_BTL_final\Nhom 6_PhongHocA8_BTL\opengl_demo\main.cpp(283,22): warning C4305: 'argument': truncation from 'double' to 'float'
D:\DHMT\DHMT_BTL_final\Nhom 6_PhongHocA8_BTL\opengl_demo\main.cpp(283,13): warning C4305: 'argument': truncation from 'double' to 'float'
D:\DHMT\DHMT_BTL_final\Nhom 6_PhongHocA8_BTL\opengl_demo\main.cpp(284,36): warning C4305: 'argument': truncation from 'double' to 'float'
D:\DHMT\DHMT_BTL_final\Nhom 6_PhongHocA8_BTL\opengl_demo\main.cpp(284,21): warning C4305: 'argument': truncation from 'double' to 'float'
D:\DHMT\DHMT_BTL_final\Nhom 6_PhongHocA8_BTL\opengl_demo\main.cpp(284,13): warning C4305: 'argument': truncation from 'double' to 'float'
D:\DHMT\DHMT_BTL_final\Nhom 6_PhongHocA8_BTL\opengl_demo\main.cpp(285,35): warning C4305: 'argument': truncation from 'double' to 'float'
D:\DHMT\DHMT_BTL_final\Nhom 6_PhongHocA8_BTL\opengl_demo\main.cpp(285,21): warning C4305: 'argument': truncation from 'double' to 'float'
D:\DHMT\DHMT_BTL_final\Nhom 6_PhongHocA8_BTL\opengl_demo\main.cpp(286,33): warning C4305: 'argument': truncation from 'double' to 'float'
D:\DHMT\DHMT_BTL_final\Nhom 6_PhongHocA8_BTL\opengl_demo\main.cpp(286,20): warning C4305: 'argument': truncation from 'double' to 'float'
D:\DHMT\DHMT_BTL_final\Nhom 6_PhongHocA8_BTL\opengl_demo\main.cpp(287,35): warning C4305: 'argument': truncation from 'double' to 'float'
D:\DHMT\DHMT_BTL_final\Nhom 6_PhongHocA8_BTL\opengl_demo\main.cpp(287,29): warning C4305: 'argument': truncation from 'double' to 'float'
D:\DHMT\DHMT_BTL_final\Nhom 6_PhongHocA8_BTL\opengl_demo\main.cpp(290,34): warning C4305: 'argument': truncation from 'double' to 'float'
D:\DHMT\DHMT_BTL_final\Nhom 6_PhongHocA8_BTL\opengl_demo\main.cpp(290,28): warning C4305: 'argument': truncation from 'double' to 'float'
D:\DHMT\DHMT_BTL_final\Nhom 6_PhongHocA8_BTL\opengl_demo\main.cpp(290,17): warning C4305: 'argument': truncation from 'double' to 'float'
D:\DHMT\DHMT_BTL_final\Nhom 6_PhongHocA8_BTL\opengl_demo\main.cpp(291,25): warning C4305: 'argument': truncation from 'double' to 'float'
D:\DHMT\DHMT_BTL_final\Nhom 6_PhongHocA8_BTL\opengl_demo\main.cpp(291,12): warning C4305: 'argument': truncation from 'double' to 'float'
D:\DHMT\DHMT_BTL_final\Nhom 6_PhongHocA8_BTL\opengl_demo\main.cpp(292,25): warning C4305: 'argument': truncation from 'double' to 'float'
D:\DHMT\DHMT_BTL_final\Nhom 6_PhongHocA8_BTL\opengl_demo\main.cpp(292,13): warning C4305: 'argument': truncation from 'double' to 'float'
D:\DHMT\DHMT_BTL_final\Nhom 6_PhongHocA8_BTL\opengl_demo\main.cpp(302,126): warning C4305: 'argument': truncation from 'double' to 'float'
D:\DHMT\DHMT_BTL_final\Nhom 6_PhongHocA8_BTL\opengl_demo\main.cpp(305,72): warning C4305: 'argument': truncation from 'double' to 'GLfloat'
D:\DHMT\DHMT_BTL_final\Nhom 6_PhongHocA8_BTL\opengl_demo\main.cpp(305,67): warning C4305: 'argument': truncation from 'double' to 'GLfloat'
D:\DHMT\DHMT_BTL_final\Nhom 6_PhongHocA8_BTL\opengl_demo\main.cpp(305,62): warning C4305: 'argument': truncation from 'double' to 'GLfloat'
D:\DHMT\DHMT_BTL_final\Nhom 6_PhongHocA8_BTL\opengl_demo\main.cpp(312,128): warning C4305: 'argument': truncation from 'double' to 'float'
D:\DHMT\DHMT_BTL_final\Nhom 6_PhongHocA8_BTL\opengl_demo\main.cpp(315,72): warning C4305: 'argument': truncation from 'double' to 'GLfloat'
D:\DHMT\DHMT_BTL_final\Nhom 6_PhongHocA8_BTL\opengl_demo\main.cpp(315,67): warning C4305: 'argument': truncation from 'double' to 'GLfloat'
D:\DHMT\DHMT_BTL_final\Nhom 6_PhongHocA8_BTL\opengl_demo\main.cpp(315,62): warning C4305: 'argument': truncation from 'double' to 'GLfloat'
D:\DHMT\DHMT_BTL_final\Nhom 6_PhongHocA8_BTL\opengl_demo\main.cpp(321,55): warning C4244: 'argument': conversion from 'int' to 'float', possible loss of data
D:\DHMT\DHMT_BTL_final\Nhom 6_PhongHocA8_BTL\opengl_demo\main.cpp(341,72): warning C4305: 'argument': truncation from 'double' to 'GLfloat'
D:\DHMT\DHMT_BTL_final\Nhom 6_PhongHocA8_BTL\opengl_demo\main.cpp(351,72): warning C4305: 'argument': truncation from 'double' to 'GLfloat'
D:\DHMT\DHMT_BTL_final\Nhom 6_PhongHocA8_BTL\opengl_demo\main.cpp(351,67): warning C4305: 'argument': truncation from 'double' to 'GLfloat'
D:\DHMT\DHMT_BTL_final\Nhom 6_PhongHocA8_BTL\opengl_demo\main.cpp(351,62): warning C4305: 'argument': truncation from 'double' to 'GLfloat'
D:\DHMT\DHMT_BTL_final\Nhom 6_PhongHocA8_BTL\opengl_demo\main.cpp(358,56): warning C4305: 'argument': truncation from 'double' to 'float'
D:\DHMT\DHMT_BTL_final\Nhom 6_PhongHocA8_BTL\opengl_demo\main.cpp(358,51): warning C4305: 'argument': truncation from 'double' to 'float'
D:\DHMT\DHMT_BTL_final\Nhom 6_PhongHocA8_BTL\opengl_demo\main.cpp(361,72): warning C4305: 'argument': truncation from 'double' to 'GLfloat'
D:\DHMT\DHMT_BTL_final\Nhom 6_PhongHocA8_BTL\opengl_demo\main.cpp(361,67): warning C4305: 'argument': truncation from 'double' to 'GLfloat'
D:\DHMT\DHMT_BTL_final\Nhom 6_PhongHocA8_BTL\opengl_demo\main.cpp(361,62): warning C4305: 'argument': truncation from 'double' to 'GLfloat'
D:\DHMT\DHMT_BTL_final\Nhom 6_PhongHocA8_BTL\opengl_demo\main.cpp(367,33): warning C4244: 'argument': conversion from 'double' to 'float', possible loss of data
D:\DHMT\DHMT_BTL_final\Nhom 6_PhongHocA8_BTL\opengl_demo\main.cpp(367,72): warning C4244: 'argument': conversion from 'double' to 'float', possible loss of data
D:\DHMT\DHMT_BTL_final\Nhom 6_PhongHocA8_BTL\opengl_demo\main.cpp(367,63): warning C4305: 'argument': truncation from 'double' to 'float'
D:\DHMT\DHMT_BTL_final\Nhom 6_PhongHocA8_BTL\opengl_demo\main.cpp(370,72): warning C4305: 'argument': truncation from 'double' to 'GLfloat'
D:\DHMT\DHMT_BTL_final\Nhom 6_PhongHocA8_BTL\opengl_demo\main.cpp(370,67): warning C4305: 'argument': truncation from 'double' to 'GLfloat'
D:\DHMT\DHMT_BTL_final\Nhom 6_PhongHocA8_BTL\opengl_demo\main.cpp(370,62): warning C4305: 'argument': truncation from 'double' to 'GLfloat'
D:\DHMT\DHMT_BTL_final\Nhom 6_PhongHocA8_BTL\opengl_demo\main.cpp(376,25): warning C4305: 'argument': truncation from 'double' to 'float'
D:\DHMT\DHMT_BTL_final\Nhom 6_PhongHocA8_BTL\opengl_demo\main.cpp(377,38): warning C4305: 'argument': truncation from 'double' to 'float'
D:\DHMT\DHMT_BTL_final\Nhom 6_PhongHocA8_BTL\opengl_demo\main.cpp(377,28): warning C4305: 'argument': truncation from 'double' to 'float'
D:\DHMT\DHMT_BTL_final\Nhom 6_PhongHocA8_BTL\opengl_demo\main.cpp(378,22): warning C4305: 'argument': truncation from 'double' to 'float'
D:\DHMT\DHMT_BTL_final\Nhom 6_PhongHocA8_BTL\opengl_demo\main.cpp(378,15): warning C4305: 'argument': truncation from 'double' to 'float'
D:\DHMT\DHMT_BTL_final\Nhom 6_PhongHocA8_BTL\opengl_demo\main.cpp(381,24): warning C4305: 'argument': truncation from 'double' to 'float'
D:\DHMT\DHMT_BTL_final\Nhom 6_PhongHocA8_BTL\opengl_demo\main.cpp(382,37): warning C4305: 'argument': truncation from 'double' to 'float'
D:\DHMT\DHMT_BTL_final\Nhom 6_PhongHocA8_BTL\opengl_demo\main.cpp(382,27): warning C4305: 'argument': truncation from 'double' to 'float'
D:\DHMT\DHMT_BTL_final\Nhom 6_PhongHocA8_BTL\opengl_demo\main.cpp(383,22): warning C4305: 'argument': truncation from 'double' to 'float'
D:\DHMT\DHMT_BTL_final\Nhom 6_PhongHocA8_BTL\opengl_demo\main.cpp(383,15): warning C4305: 'argument': truncation from 'double' to 'float'
D:\DHMT\DHMT_BTL_final\Nhom 6_PhongHocA8_BTL\opengl_demo\main.cpp(386,24): warning C4305: 'argument': truncation from 'double' to 'float'
D:\DHMT\DHMT_BTL_final\Nhom 6_PhongHocA8_BTL\opengl_demo\main.cpp(387,37): warning C4305: 'argument': truncation from 'double' to 'float'
D:\DHMT\DHMT_BTL_final\Nhom 6_PhongHocA8_BTL\opengl_demo\main.cpp(387,27): warning C4305: 'argument': truncation from 'double' to 'float'
D:\DHMT\DHMT_BTL_final\Nhom 6_PhongHocA8_BTL\opengl_demo\main.cpp(388,22): warning C4305: 'argument': truncation from 'double' to 'float'
D:\DHMT\DHMT_BTL_final\Nhom 6_PhongHocA8_BTL\opengl_demo\main.cpp(388,15): warning C4305: 'argument': truncation from 'double' to 'float'
D:\DHMT\DHMT_BTL_final\Nhom 6_PhongHocA8_BTL\opengl_demo\main.cpp(405,72): warning C4305: 'argument': truncation from 'double' to 'GLfloat'
D:\DHMT\DHMT_BTL_final\Nhom 6_PhongHocA8_BTL\opengl_demo\main.cpp(405,67): warning C4305: 'argument': truncation from 'double' to 'GLfloat'
D:\DHMT\DHMT_BTL_final\Nhom 6_PhongHocA8_BTL\opengl_demo\main.cpp(405,62): warning C4305: 'argument': truncation from 'double' to 'GLfloat'
D:\DHMT\DHMT_BTL_final\Nhom 6_PhongHocA8_BTL\opengl_demo\main.cpp(412,51): warning C4305: 'argument': truncation from 'double' to 'float'
D:\DHMT\DHMT_BTL_final\Nhom 6_PhongHocA8_BTL\opengl_demo\main.cpp(416,72): warning C4305: 'argument': truncation from 'double' to 'GLfloat'
D:\DHMT\DHMT_BTL_final\Nhom 6_PhongHocA8_BTL\opengl_demo\main.cpp(416,67): warning C4305: 'argument': truncation from 'double' to 'GLfloat'
D:\DHMT\DHMT_BTL_final\Nhom 6_PhongHocA8_BTL\opengl_demo\main.cpp(416,62): warning C4305: 'argument': truncation from 'double' to 'GLfloat'
D:\DHMT\DHMT_BTL_final\Nhom 6_PhongHocA8_BTL\opengl_demo\main.cpp(426,72): warning C4305: 'argument': truncation from 'double' to 'GLfloat'
D:\DHMT\DHMT_BTL_final\Nhom 6_PhongHocA8_BTL\opengl_demo\main.cpp(426,67): warning C4305: 'argument': truncation from 'double' to 'GLfloat'
D:\DHMT\DHMT_BTL_final\Nhom 6_PhongHocA8_BTL\opengl_demo\main.cpp(426,62): warning C4305: 'argument': truncation from 'double' to 'GLfloat'
D:\DHMT\DHMT_BTL_final\Nhom 6_PhongHocA8_BTL\opengl_demo\main.cpp(433,105): warning C4305: 'argument': truncation from 'double' to 'float'
D:\DHMT\DHMT_BTL_final\Nhom 6_PhongHocA8_BTL\opengl_demo\main.cpp(436,72): warning C4305: 'argument': truncation from 'double' to 'GLfloat'
D:\DHMT\DHMT_BTL_final\Nhom 6_PhongHocA8_BTL\opengl_demo\main.cpp(436,67): warning C4305: 'argument': truncation from 'double' to 'GLfloat'
D:\DHMT\DHMT_BTL_final\Nhom 6_PhongHocA8_BTL\opengl_demo\main.cpp(436,62): warning C4305: 'argument': truncation from 'double' to 'GLfloat'
D:\DHMT\DHMT_BTL_final\Nhom 6_PhongHocA8_BTL\opengl_demo\main.cpp(443,17): warning C4305: 'argument': truncation from 'double' to 'float'
D:\DHMT\DHMT_BTL_final\Nhom 6_PhongHocA8_BTL\opengl_demo\main.cpp(443,11): warning C4305: 'argument': truncation from 'double' to 'float'
D:\DHMT\DHMT_BTL_final\Nhom 6_PhongHocA8_BTL\opengl_demo\main.cpp(444,17): warning C4305: 'argument': truncation from 'double' to 'float'
D:\DHMT\DHMT_BTL_final\Nhom 6_PhongHocA8_BTL\opengl_demo\main.cpp(444,11): warning C4305: 'argument': truncation from 'double' to 'float'
D:\DHMT\DHMT_BTL_final\Nhom 6_PhongHocA8_BTL\opengl_demo\main.cpp(518,40): warning C4305: 'argument': truncation from 'double' to 'float'
D:\DHMT\DHMT_BTL_final\Nhom 6_PhongHocA8_BTL\opengl_demo\main.cpp(518,35): warning C4305: 'argument': truncation from 'double' to 'float'
D:\DHMT\DHMT_BTL_final\Nhom 6_PhongHocA8_BTL\opengl_demo\main.cpp(518,30): warning C4305: 'argument': truncation from 'double' to 'float'
D:\DHMT\DHMT_BTL_final\Nhom 6_PhongHocA8_BTL\opengl_demo\main.cpp(521,34): warning C4305: 'argument': truncation from 'double' to 'float'
D:\DHMT\DHMT_BTL_final\Nhom 6_PhongHocA8_BTL\opengl_demo\main.cpp(521,18): warning C4305: 'argument': truncation from 'double' to 'float'
D:\DHMT\DHMT_BTL_final\Nhom 6_PhongHocA8_BTL\opengl_demo\main.cpp(524,40): warning C4305: 'argument': truncation from 'double' to 'float'
D:\DHMT\DHMT_BTL_final\Nhom 6_PhongHocA8_BTL\opengl_demo\main.cpp(524,34): warning C4305: 'argument': truncation from 'double' to 'float'
D:\DHMT\DHMT_BTL_final\Nhom 6_PhongHocA8_BTL\opengl_demo\main.cpp(524,29): warning C4305: 'argument': truncation from 'double' to 'float'
D:\DHMT\DHMT_BTL_final\Nhom 6_PhongHocA8_BTL\opengl_demo\main.cpp(524,18): warning C4305: 'argument': truncation from 'double' to 'float'
D:\DHMT\DHMT_BTL_final\Nhom 6_PhongHocA8_BTL\opengl_demo\main.cpp(527,39): warning C4305: 'argument': truncation from 'double' to 'float'
D:\DHMT\DHMT_BTL_final\Nhom 6_PhongHocA8_BTL\opengl_demo\main.cpp(527,34): warning C4305: 'argument': truncation from 'double' to 'float'
D:\DHMT\DHMT_BTL_final\Nhom 6_PhongHocA8_BTL\opengl_demo\main.cpp(527,18): warning C4305: 'argument': truncation from 'double' to 'float'
D:\DHMT\DHMT_BTL_final\Nhom 6_PhongHocA8_BTL\opengl_demo\main.cpp(530,42): warning C4305: 'argument': truncation from 'double' to 'float'
D:\DHMT\DHMT_BTL_final\Nhom 6_PhongHocA8_BTL\opengl_demo\main.cpp(530,37): warning C4305: 'argument': truncation from 'double' to 'float'
D:\DHMT\DHMT_BTL_final\Nhom 6_PhongHocA8_BTL\opengl_demo\main.cpp(530,31): warning C4305: 'argument': truncation from 'double' to 'float'
D:\DHMT\DHMT_BTL_final\Nhom 6_PhongHocA8_BTL\opengl_demo\main.cpp(530,20): warning C4305: 'argument': truncation from 'double' to 'float'
D:\DHMT\DHMT_BTL_final\Nhom 6_PhongHocA8_BTL\opengl_demo\main.cpp(543,50): warning C4244: 'argument': conversion from 'int' to 'float', possible loss of data
D:\DHMT\DHMT_BTL_final\Nhom 6_PhongHocA8_BTL\opengl_demo\main.cpp(543,76): warning C4305: 'argument': truncation from 'double' to 'float'
D:\DHMT\DHMT_BTL_final\Nhom 6_PhongHocA8_BTL\opengl_demo\main.cpp(546,75): warning C4305: 'argument': truncation from 'double' to 'GLfloat'
D:\DHMT\DHMT_BTL_final\Nhom 6_PhongHocA8_BTL\opengl_demo\main.cpp(546,69): warning C4305: 'argument': truncation from 'double' to 'GLfloat'
D:\DHMT\DHMT_BTL_final\Nhom 6_PhongHocA8_BTL\opengl_demo\main.cpp(546,63): warning C4305: 'argument': truncation from 'double' to 'GLfloat'
D:\DHMT\DHMT_BTL_final\Nhom 6_PhongHocA8_BTL\opengl_demo\main.cpp(556,50): warning C4244: 'argument': conversion from 'int' to 'float', possible loss of data
D:\DHMT\DHMT_BTL_final\Nhom 6_PhongHocA8_BTL\opengl_demo\main.cpp(556,76): warning C4305: 'argument': truncation from 'double' to 'float'
D:\DHMT\DHMT_BTL_final\Nhom 6_PhongHocA8_BTL\opengl_demo\main.cpp(556,66): warning C4305: 'argument': truncation from 'double' to 'float'
D:\DHMT\DHMT_BTL_final\Nhom 6_PhongHocA8_BTL\opengl_demo\main.cpp(569,50): warning C4244: 'argument': conversion from 'int' to 'float', possible loss of data
D:\DHMT\DHMT_BTL_final\Nhom 6_PhongHocA8_BTL\opengl_demo\main.cpp(569,76): warning C4305: 'argument': truncation from 'double' to 'float'
D:\DHMT\DHMT_BTL_final\Nhom 6_PhongHocA8_BTL\opengl_demo\main.cpp(569,71): warning C4305: 'argument': truncation from 'double' to 'float'
D:\DHMT\DHMT_BTL_final\Nhom 6_PhongHocA8_BTL\opengl_demo\main.cpp(569,66): warning C4305: 'argument': truncation from 'double' to 'float'
D:\DHMT\DHMT_BTL_final\Nhom 6_PhongHocA8_BTL\opengl_demo\main.cpp(572,73): warning C4305: 'argument': truncation from 'double' to 'GLfloat'
D:\DHMT\DHMT_BTL_final\Nhom 6_PhongHocA8_BTL\opengl_demo\main.cpp(582,50): warning C4244: 'argument': conversion from 'int' to 'float', possible loss of data
D:\DHMT\DHMT_BTL_final\Nhom 6_PhongHocA8_BTL\opengl_demo\main.cpp(582,76): warning C4305: 'argument': truncation from 'double' to 'float'
D:\DHMT\DHMT_BTL_final\Nhom 6_PhongHocA8_BTL\opengl_demo\main.cpp(582,71): warning C4305: 'argument': truncation from 'double' to 'float'
D:\DHMT\DHMT_BTL_final\Nhom 6_PhongHocA8_BTL\opengl_demo\main.cpp(593,22): warning C4244: 'argument': conversion from 'int' to 'float', possible loss of data
D:\DHMT\DHMT_BTL_final\Nhom 6_PhongHocA8_BTL\opengl_demo\main.cpp(593,72): warning C4305: 'argument': truncation from 'double' to 'float'
D:\DHMT\DHMT_BTL_final\Nhom 6_PhongHocA8_BTL\opengl_demo\main.cpp(602,55): warning C4244: 'argument': conversion from 'int' to 'float', possible loss of data
D:\DHMT\DHMT_BTL_final\Nhom 6_PhongHocA8_BTL\opengl_demo\main.cpp(606,20): warning C4305: 'argument': truncation from 'double' to 'float'
D:\DHMT\DHMT_BTL_final\Nhom 6_PhongHocA8_BTL\opengl_demo\main.cpp(628,23): warning C4305: 'argument': truncation from 'double' to 'float'
D:\DHMT\DHMT_BTL_final\Nhom 6_PhongHocA8_BTL\opengl_demo\main.cpp(629,26): warning C4305: 'argument': truncation from 'double' to 'float'
D:\DHMT\DHMT_BTL_final\Nhom 6_PhongHocA8_BTL\opengl_demo\main.cpp(630,26): warning C4305: 'argument': truncation from 'double' to 'float'
D:\DHMT\DHMT_BTL_final\Nhom 6_PhongHocA8_BTL\opengl_demo\main.cpp(631,26): warning C4305: 'argument': truncation from 'double' to 'float'
D:\DHMT\DHMT_BTL_final\Nhom 6_PhongHocA8_BTL\opengl_demo\main.cpp(653,74): warning C4305: 'argument': truncation from 'double' to 'GLfloat'
D:\DHMT\DHMT_BTL_final\Nhom 6_PhongHocA8_BTL\opengl_demo\main.cpp(653,68): warning C4305: 'argument': truncation from 'double' to 'GLfloat'
D:\DHMT\DHMT_BTL_final\Nhom 6_PhongHocA8_BTL\opengl_demo\main.cpp(653,62): warning C4305: 'argument': truncation from 'double' to 'GLfloat'
D:\DHMT\DHMT_BTL_final\Nhom 6_PhongHocA8_BTL\opengl_demo\main.cpp(723,24): warning C4305: 'argument': truncation from 'double' to 'float'
D:\DHMT\DHMT_BTL_final\Nhom 6_PhongHocA8_BTL\opengl_demo\main.cpp(723,19): warning C4305: 'argument': truncation from 'double' to 'float'
D:\DHMT\DHMT_BTL_final\Nhom 6_PhongHocA8_BTL\opengl_demo\main.cpp(724,44): warning C4305: 'argument': truncation from 'double' to 'float'
D:\DHMT\DHMT_BTL_final\Nhom 6_PhongHocA8_BTL\opengl_demo\main.cpp(724,39): warning C4305: 'argument': truncation from 'double' to 'float'
D:\DHMT\DHMT_BTL_final\Nhom 6_PhongHocA8_BTL\opengl_demo\main.cpp(724,10): warning C4305: 'argument': truncation from 'double' to 'float'
D:\DHMT\DHMT_BTL_final\Nhom 6_PhongHocA8_BTL\opengl_demo\main.cpp(727,55): warning C4305: 'argument': truncation from 'double' to 'float'
D:\DHMT\DHMT_BTL_final\Nhom 6_PhongHocA8_BTL\opengl_demo\main.cpp(727,104): warning C4305: 'argument': truncation from 'double' to 'float'
D:\DHMT\DHMT_BTL_final\Nhom 6_PhongHocA8_BTL\opengl_demo\main.cpp(728,41): warning C4305: 'argument': truncation from 'double' to 'float'
D:\DHMT\DHMT_BTL_final\Nhom 6_PhongHocA8_BTL\opengl_demo\main.cpp(728,36): warning C4305: 'argument': truncation from 'double' to 'float'
D:\DHMT\DHMT_BTL_final\Nhom 6_PhongHocA8_BTL\opengl_demo\main.cpp(728,28): warning C4305: 'argument': truncation from 'double' to 'float'
D:\DHMT\DHMT_BTL_final\Nhom 6_PhongHocA8_BTL\opengl_demo\main.cpp(728,23): warning C4305: 'argument': truncation from 'double' to 'float'
D:\DHMT\DHMT_BTL_final\Nhom 6_PhongHocA8_BTL\opengl_demo\main.cpp(728,18): warning C4305: 'argument': truncation from 'double' to 'float'
D:\DHMT\DHMT_BTL_final\Nhom 6_PhongHocA8_BTL\opengl_demo\main.cpp(728,10): warning C4305: 'argument': truncation from 'double' to 'float'
D:\DHMT\DHMT_BTL_final\Nhom 6_PhongHocA8_BTL\opengl_demo\main.cpp(730,52): warning C4305: 'argument': truncation from 'double' to 'float'
D:\DHMT\DHMT_BTL_final\Nhom 6_PhongHocA8_BTL\opengl_demo\main.cpp(730,104): warning C4305: 'argument': truncation from 'double' to 'float'
D:\DHMT\DHMT_BTL_final\Nhom 6_PhongHocA8_BTL\opengl_demo\main.cpp(731,54): warning C4305: 'argument': truncation from 'double' to 'float'
D:\DHMT\DHMT_BTL_final\Nhom 6_PhongHocA8_BTL\opengl_demo\main.cpp(731,48): warning C4305: 'argument': truncation from 'double' to 'float'
D:\DHMT\DHMT_BTL_final\Nhom 6_PhongHocA8_BTL\opengl_demo\main.cpp(731,42): warning C4305: 'argument': truncation from 'double' to 'float'
D:\DHMT\DHMT_BTL_final\Nhom 6_PhongHocA8_BTL\opengl_demo\main.cpp(731,37): warning C4305: 'argument': truncation from 'double' to 'float'
D:\DHMT\DHMT_BTL_final\Nhom 6_PhongHocA8_BTL\opengl_demo\main.cpp(731,32): warning C4305: 'argument': truncation from 'double' to 'float'
D:\DHMT\DHMT_BTL_final\Nhom 6_PhongHocA8_BTL\opengl_demo\main.cpp(731,27): warning C4305: 'argument': truncation from 'double' to 'float'
D:\DHMT\DHMT_BTL_final\Nhom 6_PhongHocA8_BTL\opengl_demo\main.cpp(731,12): warning C4305: 'argument': truncation from 'double' to 'float'
D:\DHMT\DHMT_BTL_final\Nhom 6_PhongHocA8_BTL\opengl_demo\main.cpp(732,51): warning C4305: 'argument': truncation from 'double' to 'float'
D:\DHMT\DHMT_BTL_final\Nhom 6_PhongHocA8_BTL\opengl_demo\main.cpp(732,46): warning C4305: 'argument': truncation from 'double' to 'float'
D:\DHMT\DHMT_BTL_final\Nhom 6_PhongHocA8_BTL\opengl_demo\main.cpp(732,37): warning C4305: 'argument': truncation from 'double' to 'float'
D:\DHMT\DHMT_BTL_final\Nhom 6_PhongHocA8_BTL\opengl_demo\main.cpp(732,32): warning C4305: 'argument': truncation from 'double' to 'float'
D:\DHMT\DHMT_BTL_final\Nhom 6_PhongHocA8_BTL\opengl_demo\main.cpp(732,27): warning C4305: 'argument': truncation from 'double' to 'float'
D:\DHMT\DHMT_BTL_final\Nhom 6_PhongHocA8_BTL\opengl_demo\main.cpp(732,18): warning C4305: 'argument': truncation from 'double' to 'float'
D:\DHMT\DHMT_BTL_final\Nhom 6_PhongHocA8_BTL\opengl_demo\main.cpp(732,12): warning C4305: 'argument': truncation from 'double' to 'float'
D:\DHMT\DHMT_BTL_final\Nhom 6_PhongHocA8_BTL\opengl_demo\main.cpp(733,52): warning C4305: 'argument': truncation from 'double' to 'float'
D:\DHMT\DHMT_BTL_final\Nhom 6_PhongHocA8_BTL\opengl_demo\main.cpp(733,105): warning C4305: 'argument': truncation from 'double' to 'float'
D:\DHMT\DHMT_BTL_final\Nhom 6_PhongHocA8_BTL\opengl_demo\main.cpp(734,54): warning C4305: 'argument': truncation from 'double' to 'float'
D:\DHMT\DHMT_BTL_final\Nhom 6_PhongHocA8_BTL\opengl_demo\main.cpp(734,48): warning C4305: 'argument': truncation from 'double' to 'float'
D:\DHMT\DHMT_BTL_final\Nhom 6_PhongHocA8_BTL\opengl_demo\main.cpp(734,42): warning C4305: 'argument': truncation from 'double' to 'float'
D:\DHMT\DHMT_BTL_final\Nhom 6_PhongHocA8_BTL\opengl_demo\main.cpp(734,37): warning C4305: 'argument': truncation from 'double' to 'float'
D:\DHMT\DHMT_BTL_final\Nhom 6_PhongHocA8_BTL\opengl_demo\main.cpp(734,32): warning C4305: 'argument': truncation from 'double' to 'float'
D:\DHMT\DHMT_BTL_final\Nhom 6_PhongHocA8_BTL\opengl_demo\main.cpp(734,27): warning C4305: 'argument': truncation from 'double' to 'float'
D:\DHMT\DHMT_BTL_final\Nhom 6_PhongHocA8_BTL\opengl_demo\main.cpp(734,12): warning C4305: 'argument': truncation from 'double' to 'float'
D:\DHMT\DHMT_BTL_final\Nhom 6_PhongHocA8_BTL\opengl_demo\main.cpp(735,51): warning C4305: 'argument': truncation from 'double' to 'float'
D:\DHMT\DHMT_BTL_final\Nhom 6_PhongHocA8_BTL\opengl_demo\main.cpp(735,46): warning C4305: 'argument': truncation from 'double' to 'float'
D:\DHMT\DHMT_BTL_final\Nhom 6_PhongHocA8_BTL\opengl_demo\main.cpp(735,37): warning C4305: 'argument': truncation from 'double' to 'float'
D:\DHMT\DHMT_BTL_final\Nhom 6_PhongHocA8_BTL\opengl_demo\main.cpp(735,32): warning C4305: 'argument': truncation from 'double' to 'float'
D:\DHMT\DHMT_BTL_final\Nhom 6_PhongHocA8_BTL\opengl_demo\main.cpp(735,27): warning C4305: 'argument': truncation from 'double' to 'float'
D:\DHMT\DHMT_BTL_final\Nhom 6_PhongHocA8_BTL\opengl_demo\main.cpp(735,18): warning C4305: 'argument': truncation from 'double' to 'float'
D:\DHMT\DHMT_BTL_final\Nhom 6_PhongHocA8_BTL\opengl_demo\main.cpp(735,12): warning C4305: 'argument': truncation from 'double' to 'float'
D:\DHMT\DHMT_BTL_final\Nhom 6_PhongHocA8_BTL\opengl_demo\main.cpp(736,57): warning C4305: 'argument': truncation from 'double' to 'float'
D:\DHMT\DHMT_BTL_final\Nhom 6_PhongHocA8_BTL\opengl_demo\main.cpp(736,109): warning C4305: 'argument': truncation from 'double' to 'float'
D:\DHMT\DHMT_BTL_final\Nhom 6_PhongHocA8_BTL\opengl_demo\main.cpp(737,54): warning C4305: 'argument': truncation from 'double' to 'float'
D:\DHMT\DHMT_BTL_final\Nhom 6_PhongHocA8_BTL\opengl_demo\main.cpp(737,48): warning C4305: 'argument': truncation from 'double' to 'float'
D:\DHMT\DHMT_BTL_final\Nhom 6_PhongHocA8_BTL\opengl_demo\main.cpp(737,42): warning C4305: 'argument': truncation from 'double' to 'float'
D:\DHMT\DHMT_BTL_final\Nhom 6_PhongHocA8_BTL\opengl_demo\main.cpp(737,36): warning C4305: 'argument': truncation from 'double' to 'float'
D:\DHMT\DHMT_BTL_final\Nhom 6_PhongHocA8_BTL\opengl_demo\main.cpp(737,31): warning C4305: 'argument': truncation from 'double' to 'float'
D:\DHMT\DHMT_BTL_final\Nhom 6_PhongHocA8_BTL\opengl_demo\main.cpp(737,26): warning C4305: 'argument': truncation from 'double' to 'float'
D:\DHMT\DHMT_BTL_final\Nhom 6_PhongHocA8_BTL\opengl_demo\main.cpp(737,18): warning C4305: 'argument': truncation from 'double' to 'float'
D:\DHMT\DHMT_BTL_final\Nhom 6_PhongHocA8_BTL\opengl_demo\main.cpp(737,12): warning C4305: 'argument': truncation from 'double' to 'float'
D:\DHMT\DHMT_BTL_final\Nhom 6_PhongHocA8_BTL\opengl_demo\main.cpp(738,50): warning C4305: 'argument': truncation from 'double' to 'float'
D:\DHMT\DHMT_BTL_final\Nhom 6_PhongHocA8_BTL\opengl_demo\main.cpp(738,45): warning C4305: 'argument': truncation from 'double' to 'float'
D:\DHMT\DHMT_BTL_final\Nhom 6_PhongHocA8_BTL\opengl_demo\main.cpp(738,36): warning C4305: 'argument': truncation from 'double' to 'float'
D:\DHMT\DHMT_BTL_final\Nhom 6_PhongHocA8_BTL\opengl_demo\main.cpp(738,31): warning C4305: 'argument': truncation from 'double' to 'float'
D:\DHMT\DHMT_BTL_final\Nhom 6_PhongHocA8_BTL\opengl_demo\main.cpp(738,26): warning C4305: 'argument': truncation from 'double' to 'float'
D:\DHMT\DHMT_BTL_final\Nhom 6_PhongHocA8_BTL\opengl_demo\main.cpp(738,18): warning C4305: 'argument': truncation from 'double' to 'float'
D:\DHMT\DHMT_BTL_final\Nhom 6_PhongHocA8_BTL\opengl_demo\main.cpp(738,12): warning C4305: 'argument': truncation from 'double' to 'float'
D:\DHMT\DHMT_BTL_final\Nhom 6_PhongHocA8_BTL\opengl_demo\main.cpp(739,57): warning C4305: 'argument': truncation from 'double' to 'float'
D:\DHMT\DHMT_BTL_final\Nhom 6_PhongHocA8_BTL\opengl_demo\main.cpp(739,108): warning C4305: 'argument': truncation from 'double' to 'float'
D:\DHMT\DHMT_BTL_final\Nhom 6_PhongHocA8_BTL\opengl_demo\main.cpp(740,55): warning C4305: 'argument': truncation from 'double' to 'float'
D:\DHMT\DHMT_BTL_final\Nhom 6_PhongHocA8_BTL\opengl_demo\main.cpp(740,49): warning C4305: 'argument': truncation from 'double' to 'float'
D:\DHMT\DHMT_BTL_final\Nhom 6_PhongHocA8_BTL\opengl_demo\main.cpp(740,43): warning C4305: 'argument': truncation from 'double' to 'float'
D:\DHMT\DHMT_BTL_final\Nhom 6_PhongHocA8_BTL\opengl_demo\main.cpp(740,37): warning C4305: 'argument': truncation from 'double' to 'float'
D:\DHMT\DHMT_BTL_final\Nhom 6_PhongHocA8_BTL\opengl_demo\main.cpp(740,32): warning C4305: 'argument': truncation from 'double' to 'float'
D:\DHMT\DHMT_BTL_final\Nhom 6_PhongHocA8_BTL\opengl_demo\main.cpp(740,27): warning C4305: 'argument': truncation from 'double' to 'float'
D:\DHMT\DHMT_BTL_final\Nhom 6_PhongHocA8_BTL\opengl_demo\main.cpp(740,19): warning C4305: 'argument': truncation from 'double' to 'float'
D:\DHMT\DHMT_BTL_final\Nhom 6_PhongHocA8_BTL\opengl_demo\main.cpp(740,12): warning C4305: 'argument': truncation from 'double' to 'float'
D:\DHMT\DHMT_BTL_final\Nhom 6_PhongHocA8_BTL\opengl_demo\main.cpp(741,51): warning C4305: 'argument': truncation from 'double' to 'float'
D:\DHMT\DHMT_BTL_final\Nhom 6_PhongHocA8_BTL\opengl_demo\main.cpp(741,46): warning C4305: 'argument': truncation from 'double' to 'float'
D:\DHMT\DHMT_BTL_final\Nhom 6_PhongHocA8_BTL\opengl_demo\main.cpp(741,37): warning C4305: 'argument': truncation from 'double' to 'float'
D:\DHMT\DHMT_BTL_final\Nhom 6_PhongHocA8_BTL\opengl_demo\main.cpp(741,32): warning C4305: 'argument': truncation from 'double' to 'float'
D:\DHMT\DHMT_BTL_final\Nhom 6_PhongHocA8_BTL\opengl_demo\main.cpp(741,27): warning C4305: 'argument': truncation from 'double' to 'float'
D:\DHMT\DHMT_BTL_final\Nhom 6_PhongHocA8_BTL\opengl_demo\main.cpp(741,19): warning C4305: 'argument': truncation from 'double' to 'float'
D:\DHMT\DHMT_BTL_final\Nhom 6_PhongHocA8_BTL\opengl_demo\main.cpp(741,12): warning C4305: 'argument': truncation from 'double' to 'float'
D:\DHMT\DHMT_BTL_final\Nhom 6_PhongHocA8_BTL\opengl_demo\main.cpp(776,74): warning C4305: 'argument': truncation from 'double' to 'GLfloat'
D:\DHMT\DHMT_BTL_final\Nhom 6_PhongHocA8_BTL\opengl_demo\main.cpp(776,68): warning C4305: 'argument': truncation from 'double' to 'GLfloat'
D:\DHMT\DHMT_BTL_final\Nhom 6_PhongHocA8_BTL\opengl_demo\main.cpp(776,62): warning C4305: 'argument': truncation from 'double' to 'GLfloat'
D:\DHMT\DHMT_BTL_final\Nhom 6_PhongHocA8_BTL\opengl_demo\main.cpp(786,72): warning C4305: 'argument': truncation from 'double' to 'GLfloat'
D:\DHMT\DHMT_BTL_final\Nhom 6_PhongHocA8_BTL\opengl_demo\main.cpp(786,67): warning C4305: 'argument': truncation from 'double' to 'GLfloat'
D:\DHMT\DHMT_BTL_final\Nhom 6_PhongHocA8_BTL\opengl_demo\main.cpp(786,62): warning C4305: 'argument': truncation from 'double' to 'GLfloat'
D:\DHMT\DHMT_BTL_final\Nhom 6_PhongHocA8_BTL\opengl_demo\main.cpp(795,74): warning C4305: 'argument': truncation from 'double' to 'GLfloat'
D:\DHMT\DHMT_BTL_final\Nhom 6_PhongHocA8_BTL\opengl_demo\main.cpp(795,68): warning C4305: 'argument': truncation from 'double' to 'GLfloat'
D:\DHMT\DHMT_BTL_final\Nhom 6_PhongHocA8_BTL\opengl_demo\main.cpp(795,62): warning C4305: 'argument': truncation from 'double' to 'GLfloat'
D:\DHMT\DHMT_BTL_final\Nhom 6_PhongHocA8_BTL\opengl_demo\main.cpp(803,72): warning C4305: 'argument': truncation from 'double' to 'GLfloat'
D:\DHMT\DHMT_BTL_final\Nhom 6_PhongHocA8_BTL\opengl_demo\main.cpp(803,67): warning C4305: 'argument': truncation from 'double' to 'GLfloat'
D:\DHMT\DHMT_BTL_final\Nhom 6_PhongHocA8_BTL\opengl_demo\main.cpp(803,62): warning C4305: 'argument': truncation from 'double' to 'GLfloat'
D:\DHMT\DHMT_BTL_final\Nhom 6_PhongHocA8_BTL\opengl_demo\main.cpp(809,50): warning C4244: 'argument': conversion from 'int' to 'float', possible loss of data
D:\DHMT\DHMT_BTL_final\Nhom 6_PhongHocA8_BTL\opengl_demo\main.cpp(810,30): warning C4305: 'argument': truncation from 'double' to 'float'
D:\DHMT\DHMT_BTL_final\Nhom 6_PhongHocA8_BTL\opengl_demo\main.cpp(811,38): warning C4305: 'argument': truncation from 'double' to 'float'
D:\DHMT\DHMT_BTL_final\Nhom 6_PhongHocA8_BTL\opengl_demo\main.cpp(811,33): warning C4305: 'argument': truncation from 'double' to 'float'
D:\DHMT\DHMT_BTL_final\Nhom 6_PhongHocA8_BTL\opengl_demo\main.cpp(811,27): warning C4305: 'argument': truncation from 'double' to 'float'
D:\DHMT\DHMT_BTL_final\Nhom 6_PhongHocA8_BTL\opengl_demo\main.cpp(811,16): warning C4305: 'argument': truncation from 'double' to 'float'
D:\DHMT\DHMT_BTL_final\Nhom 6_PhongHocA8_BTL\opengl_demo\main.cpp(811,11): warning C4305: 'argument': truncation from 'double' to 'float'
D:\DHMT\DHMT_BTL_final\Nhom 6_PhongHocA8_BTL\opengl_demo\main.cpp(812,39): warning C4305: 'argument': truncation from 'double' to 'float'
D:\DHMT\DHMT_BTL_final\Nhom 6_PhongHocA8_BTL\opengl_demo\main.cpp(812,34): warning C4305: 'argument': truncation from 'double' to 'float'
D:\DHMT\DHMT_BTL_final\Nhom 6_PhongHocA8_BTL\opengl_demo\main.cpp(812,28): warning C4305: 'argument': truncation from 'double' to 'float'
D:\DHMT\DHMT_BTL_final\Nhom 6_PhongHocA8_BTL\opengl_demo\main.cpp(812,16): warning C4305: 'argument': truncation from 'double' to 'float'
D:\DHMT\DHMT_BTL_final\Nhom 6_PhongHocA8_BTL\opengl_demo\main.cpp(812,11): warning C4305: 'argument': truncation from 'double' to 'float'
D:\DHMT\DHMT_BTL_final\Nhom 6_PhongHocA8_BTL\opengl_demo\main.cpp(813,39): warning C4305: 'argument': truncation from 'double' to 'float'
D:\DHMT\DHMT_BTL_final\Nhom 6_PhongHocA8_BTL\opengl_demo\main.cpp(813,34): warning C4305: 'argument': truncation from 'double' to 'float'
D:\DHMT\DHMT_BTL_final\Nhom 6_PhongHocA8_BTL\opengl_demo\main.cpp(813,28): warning C4305: 'argument': truncation from 'double' to 'float'
D:\DHMT\DHMT_BTL_final\Nhom 6_PhongHocA8_BTL\opengl_demo\main.cpp(813,17): warning C4305: 'argument': truncation from 'double' to 'float'
D:\DHMT\DHMT_BTL_final\Nhom 6_PhongHocA8_BTL\opengl_demo\main.cpp(813,11): warning C4305: 'argument': truncation from 'double' to 'float'
D:\DHMT\DHMT_BTL_final\Nhom 6_PhongHocA8_BTL\opengl_demo\main.cpp(814,40): warning C4305: 'argument': truncation from 'double' to 'float'
D:\DHMT\DHMT_BTL_final\Nhom 6_PhongHocA8_BTL\opengl_demo\main.cpp(814,35): warning C4305: 'argument': truncation from 'double' to 'float'
D:\DHMT\DHMT_BTL_final\Nhom 6_PhongHocA8_BTL\opengl_demo\main.cpp(814,29): warning C4305: 'argument': truncation from 'double' to 'float'
D:\DHMT\DHMT_BTL_final\Nhom 6_PhongHocA8_BTL\opengl_demo\main.cpp(814,17): warning C4305: 'argument': truncation from 'double' to 'float'
D:\DHMT\DHMT_BTL_final\Nhom 6_PhongHocA8_BTL\opengl_demo\main.cpp(814,11): warning C4305: 'argument': truncation from 'double' to 'float'
D:\DHMT\DHMT_BTL_final\Nhom 6_PhongHocA8_BTL\opengl_demo\main.cpp(815,32): warning C4305: 'argument': truncation from 'double' to 'float'
D:\DHMT\DHMT_BTL_final\Nhom 6_PhongHocA8_BTL\opengl_demo\main.cpp(815,27): warning C4305: 'argument': truncation from 'double' to 'float'
D:\DHMT\DHMT_BTL_final\Nhom 6_PhongHocA8_BTL\opengl_demo\main.cpp(815,16): warning C4305: 'argument': truncation from 'double' to 'float'
D:\DHMT\DHMT_BTL_final\Nhom 6_PhongHocA8_BTL\opengl_demo\main.cpp(828,72): warning C4305: 'argument': truncation from 'double' to 'GLfloat'
D:\DHMT\DHMT_BTL_final\Nhom 6_PhongHocA8_BTL\opengl_demo\main.cpp(828,67): warning C4305: 'argument': truncation from 'double' to 'GLfloat'
D:\DHMT\DHMT_BTL_final\Nhom 6_PhongHocA8_BTL\opengl_demo\main.cpp(828,62): warning C4305: 'argument': truncation from 'double' to 'GLfloat'
D:\DHMT\DHMT_BTL_final\Nhom 6_PhongHocA8_BTL\opengl_demo\main.cpp(838,72): warning C4305: 'argument': truncation from 'double' to 'GLfloat'
D:\DHMT\DHMT_BTL_final\Nhom 6_PhongHocA8_BTL\opengl_demo\main.cpp(838,67): warning C4305: 'argument': truncation from 'double' to 'GLfloat'
D:\DHMT\DHMT_BTL_final\Nhom 6_PhongHocA8_BTL\opengl_demo\main.cpp(838,62): warning C4305: 'argument': truncation from 'double' to 'GLfloat'
D:\DHMT\DHMT_BTL_final\Nhom 6_PhongHocA8_BTL\opengl_demo\main.cpp(847,71): warning C4305: 'argument': truncation from 'double' to 'GLfloat'
D:\DHMT\DHMT_BTL_final\Nhom 6_PhongHocA8_BTL\opengl_demo\main.cpp(847,65): warning C4305: 'argument': truncation from 'double' to 'GLfloat'
D:\DHMT\DHMT_BTL_final\Nhom 6_PhongHocA8_BTL\opengl_demo\main.cpp(853,50): warning C4244: 'argument': conversion from 'int' to 'float', possible loss of data
D:\DHMT\DHMT_BTL_final\Nhom 6_PhongHocA8_BTL\opengl_demo\main.cpp(855,30): warning C4305: 'argument': truncation from 'double' to 'float'
D:\DHMT\DHMT_BTL_final\Nhom 6_PhongHocA8_BTL\opengl_demo\main.cpp(856,39): warning C4305: 'argument': truncation from 'double' to 'float'
D:\DHMT\DHMT_BTL_final\Nhom 6_PhongHocA8_BTL\opengl_demo\main.cpp(856,28): warning C4305: 'argument': truncation from 'double' to 'float'
D:\DHMT\DHMT_BTL_final\Nhom 6_PhongHocA8_BTL\opengl_demo\main.cpp(856,16): warning C4305: 'argument': truncation from 'double' to 'float'
D:\DHMT\DHMT_BTL_final\Nhom 6_PhongHocA8_BTL\opengl_demo\main.cpp(856,11): warning C4305: 'argument': truncation from 'double' to 'float'
D:\DHMT\DHMT_BTL_final\Nhom 6_PhongHocA8_BTL\opengl_demo\main.cpp(857,40): warning C4305: 'argument': truncation from 'double' to 'float'
D:\DHMT\DHMT_BTL_final\Nhom 6_PhongHocA8_BTL\opengl_demo\main.cpp(857,29): warning C4305: 'argument': truncation from 'double' to 'float'
D:\DHMT\DHMT_BTL_final\Nhom 6_PhongHocA8_BTL\opengl_demo\main.cpp(857,16): warning C4305: 'argument': truncation from 'double' to 'float'
D:\DHMT\DHMT_BTL_final\Nhom 6_PhongHocA8_BTL\opengl_demo\main.cpp(857,11): warning C4305: 'argument': truncation from 'double' to 'float'
D:\DHMT\DHMT_BTL_final\Nhom 6_PhongHocA8_BTL\opengl_demo\main.cpp(858,40): warning C4305: 'argument': truncation from 'double' to 'float'
D:\DHMT\DHMT_BTL_final\Nhom 6_PhongHocA8_BTL\opengl_demo\main.cpp(858,29): warning C4305: 'argument': truncation from 'double' to 'float'
D:\DHMT\DHMT_BTL_final\Nhom 6_PhongHocA8_BTL\opengl_demo\main.cpp(858,17): warning C4305: 'argument': truncation from 'double' to 'float'
D:\DHMT\DHMT_BTL_final\Nhom 6_PhongHocA8_BTL\opengl_demo\main.cpp(858,11): warning C4305: 'argument': truncation from 'double' to 'float'
D:\DHMT\DHMT_BTL_final\Nhom 6_PhongHocA8_BTL\opengl_demo\main.cpp(859,41): warning C4305: 'argument': truncation from 'double' to 'float'
D:\DHMT\DHMT_BTL_final\Nhom 6_PhongHocA8_BTL\opengl_demo\main.cpp(859,30): warning C4305: 'argument': truncation from 'double' to 'float'
D:\DHMT\DHMT_BTL_final\Nhom 6_PhongHocA8_BTL\opengl_demo\main.cpp(859,17): warning C4305: 'argument': truncation from 'double' to 'float'
D:\DHMT\DHMT_BTL_final\Nhom 6_PhongHocA8_BTL\opengl_demo\main.cpp(859,11): warning C4305: 'argument': truncation from 'double' to 'float'
D:\DHMT\DHMT_BTL_final\Nhom 6_PhongHocA8_BTL\opengl_demo\main.cpp(867,13): warning C4305: 'argument': truncation from 'double' to 'float'
D:\DHMT\DHMT_BTL_final\Nhom 6_PhongHocA8_BTL\opengl_demo\main.cpp(871,13): warning C4305: 'argument': truncation from 'double' to 'float'
D:\DHMT\DHMT_BTL_final\Nhom 6_PhongHocA8_BTL\opengl_demo\main.cpp(875,13): warning C4305: 'argument': truncation from 'double' to 'float'
D:\DHMT\DHMT_BTL_final\Nhom 6_PhongHocA8_BTL\opengl_demo\main.cpp(879,13): warning C4305: 'argument': truncation from 'double' to 'float'
D:\DHMT\DHMT_BTL_final\Nhom 6_PhongHocA8_BTL\opengl_demo\main.cpp(883,13): warning C4305: 'argument': truncation from 'double' to 'float'
D:\DHMT\DHMT_BTL_final\Nhom 6_PhongHocA8_BTL\opengl_demo\main.cpp(887,13): warning C4305: 'argument': truncation from 'double' to 'float'
D:\DHMT\DHMT_BTL_final\Nhom 6_PhongHocA8_BTL\opengl_demo\main.cpp(891,13): warning C4305: 'argument': truncation from 'double' to 'float'
D:\DHMT\DHMT_BTL_final\Nhom 6_PhongHocA8_BTL\opengl_demo\main.cpp(895,13): warning C4305: 'argument': truncation from 'double' to 'float'
D:\DHMT\DHMT_BTL_final\Nhom 6_PhongHocA8_BTL\opengl_demo\main.cpp(899,13): warning C4305: 'argument': truncation from 'double' to 'float'
D:\DHMT\DHMT_BTL_final\Nhom 6_PhongHocA8_BTL\opengl_demo\main.cpp(903,13): warning C4305: 'argument': truncation from 'double' to 'float'
D:\DHMT\DHMT_BTL_final\Nhom 6_PhongHocA8_BTL\opengl_demo\main.cpp(907,13): warning C4305: 'argument': truncation from 'double' to 'float'
D:\DHMT\DHMT_BTL_final\Nhom 6_PhongHocA8_BTL\opengl_demo\main.cpp(911,13): warning C4305: 'argument': truncation from 'double' to 'float'
D:\DHMT\DHMT_BTL_final\Nhom 6_PhongHocA8_BTL\opengl_demo\main.cpp(915,13): warning C4305: 'argument': truncation from 'double' to 'float'
D:\DHMT\DHMT_BTL_final\Nhom 6_PhongHocA8_BTL\opengl_demo\main.cpp(919,13): warning C4305: 'argument': truncation from 'double' to 'float'
D:\DHMT\DHMT_BTL_final\Nhom 6_PhongHocA8_BTL\opengl_demo\main.cpp(923,13): warning C4305: 'argument': truncation from 'double' to 'float'
D:\DHMT\DHMT_BTL_final\Nhom 6_PhongHocA8_BTL\opengl_demo\main.cpp(927,13): warning C4305: 'argument': truncation from 'double' to 'float'
D:\DHMT\DHMT_BTL_final\Nhom 6_PhongHocA8_BTL\opengl_demo\main.cpp(931,13): warning C4305: 'argument': truncation from 'double' to 'float'
D:\DHMT\DHMT_BTL_final\Nhom 6_PhongHocA8_BTL\opengl_demo\main.cpp(935,13): warning C4305: 'argument': truncation from 'double' to 'float'
D:\DHMT\DHMT_BTL_final\Nhom 6_PhongHocA8_BTL\opengl_demo\main.cpp(941,12): warning C4305: 'argument': truncation from 'double' to 'float'
D:\DHMT\DHMT_BTL_final\Nhom 6_PhongHocA8_BTL\opengl_demo\main.cpp(945,12): warning C4305: 'argument': truncation from 'double' to 'float'
D:\DHMT\DHMT_BTL_final\Nhom 6_PhongHocA8_BTL\opengl_demo\main.cpp(949,12): warning C4305: 'argument': truncation from 'double' to 'float'
D:\DHMT\DHMT_BTL_final\Nhom 6_PhongHocA8_BTL\opengl_demo\main.cpp(953,12): warning C4305: 'argument': truncation from 'double' to 'float'
D:\DHMT\DHMT_BTL_final\Nhom 6_PhongHocA8_BTL\opengl_demo\main.cpp(957,12): warning C4305: 'argument': truncation from 'double' to 'float'
D:\DHMT\DHMT_BTL_final\Nhom 6_PhongHocA8_BTL\opengl_demo\main.cpp(961,12): warning C4305: 'argument': truncation from 'double' to 'float'
D:\DHMT\DHMT_BTL_final\Nhom 6_PhongHocA8_BTL\opengl_demo\main.cpp(965,12): warning C4305: 'argument': truncation from 'double' to 'float'
D:\DHMT\DHMT_BTL_final\Nhom 6_PhongHocA8_BTL\opengl_demo\main.cpp(969,12): warning C4305: 'argument': truncation from 'double' to 'float'
D:\DHMT\DHMT_BTL_final\Nhom 6_PhongHocA8_BTL\opengl_demo\main.cpp(973,12): warning C4305: 'argument': truncation from 'double' to 'float'
D:\DHMT\DHMT_BTL_final\Nhom 6_PhongHocA8_BTL\opengl_demo\main.cpp(977,12): warning C4305: 'argument': truncation from 'double' to 'float'
D:\DHMT\DHMT_BTL_final\Nhom 6_PhongHocA8_BTL\opengl_demo\main.cpp(981,12): warning C4305: 'argument': truncation from 'double' to 'float'
D:\DHMT\DHMT_BTL_final\Nhom 6_PhongHocA8_BTL\opengl_demo\main.cpp(985,12): warning C4305: 'argument': truncation from 'double' to 'float'
D:\DHMT\DHMT_BTL_final\Nhom 6_PhongHocA8_BTL\opengl_demo\main.cpp(989,12): warning C4305: 'argument': truncation from 'double' to 'float'
D:\DHMT\DHMT_BTL_final\Nhom 6_PhongHocA8_BTL\opengl_demo\main.cpp(993,12): warning C4305: 'argument': truncation from 'double' to 'float'
D:\DHMT\DHMT_BTL_final\Nhom 6_PhongHocA8_BTL\opengl_demo\main.cpp(997,12): warning C4305: 'argument': truncation from 'double' to 'float'
D:\DHMT\DHMT_BTL_final\Nhom 6_PhongHocA8_BTL\opengl_demo\main.cpp(1001,12): warning C4305: 'argument': truncation from 'double' to 'float'
D:\DHMT\DHMT_BTL_final\Nhom 6_PhongHocA8_BTL\opengl_demo\main.cpp(1005,12): warning C4305: 'argument': truncation from 'double' to 'float'
D:\DHMT\DHMT_BTL_final\Nhom 6_PhongHocA8_BTL\opengl_demo\main.cpp(1009,12): warning C4305: 'argument': truncation from 'double' to 'float'
D:\DHMT\DHMT_BTL_final\Nhom 6_PhongHocA8_BTL\opengl_demo\main.cpp(1021,34): warning C4305: 'argument': truncation from 'double' to 'float'
D:\DHMT\DHMT_BTL_final\Nhom 6_PhongHocA8_BTL\opengl_demo\main.cpp(1021,64): warning C4305: 'argument': truncation from 'double' to 'float'
D:\DHMT\DHMT_BTL_final\Nhom 6_PhongHocA8_BTL\opengl_demo\main.cpp(1021,59): warning C4305: 'argument': truncation from 'double' to 'float'
D:\DHMT\DHMT_BTL_final\Nhom 6_PhongHocA8_BTL\opengl_demo\main.cpp(1021,54): warning C4305: 'argument': truncation from 'double' to 'float'
D:\DHMT\DHMT_BTL_final\Nhom 6_PhongHocA8_BTL\opengl_demo\main.cpp(1024,74): warning C4305: 'argument': truncation from 'double' to 'GLfloat'
D:\DHMT\DHMT_BTL_final\Nhom 6_PhongHocA8_BTL\opengl_demo\main.cpp(1024,68): warning C4305: 'argument': truncation from 'double' to 'GLfloat'
D:\DHMT\DHMT_BTL_final\Nhom 6_PhongHocA8_BTL\opengl_demo\main.cpp(1024,62): warning C4305: 'argument': truncation from 'double' to 'GLfloat'
D:\DHMT\DHMT_BTL_final\Nhom 6_PhongHocA8_BTL\opengl_demo\main.cpp(1029,38): warning C4305: 'argument': truncation from 'double' to 'float'
D:\DHMT\DHMT_BTL_final\Nhom 6_PhongHocA8_BTL\opengl_demo\main.cpp(1029,28): warning C4305: 'argument': truncation from 'double' to 'float'
D:\DHMT\DHMT_BTL_final\Nhom 6_PhongHocA8_BTL\opengl_demo\main.cpp(1029,69): warning C4305: 'argument': truncation from 'double' to 'float'
D:\DHMT\DHMT_BTL_final\Nhom 6_PhongHocA8_BTL\opengl_demo\main.cpp(1029,64): warning C4305: 'argument': truncation from 'double' to 'float'
D:\DHMT\DHMT_BTL_final\Nhom 6_PhongHocA8_BTL\opengl_demo\main.cpp(1029,58): warning C4305: 'argument': truncation from 'double' to 'float'
D:\DHMT\DHMT_BTL_final\Nhom 6_PhongHocA8_BTL\opengl_demo\main.cpp(1032,74): warning C4305: 'argument': truncation from 'double' to 'GLfloat'
D:\DHMT\DHMT_BTL_final\Nhom 6_PhongHocA8_BTL\opengl_demo\main.cpp(1032,68): warning C4305: 'argument': truncation from 'double' to 'GLfloat'
D:\DHMT\DHMT_BTL_final\Nhom 6_PhongHocA8_BTL\opengl_demo\main.cpp(1032,62): warning C4305: 'argument': truncation from 'double' to 'GLfloat'
D:\DHMT\DHMT_BTL_final\Nhom 6_PhongHocA8_BTL\opengl_demo\main.cpp(1037,37): warning C4305: 'argument': truncation from 'double' to 'float'
D:\DHMT\DHMT_BTL_final\Nhom 6_PhongHocA8_BTL\opengl_demo\main.cpp(1037,28): warning C4305: 'argument': truncation from 'double' to 'float'
D:\DHMT\DHMT_BTL_final\Nhom 6_PhongHocA8_BTL\opengl_demo\main.cpp(1037,68): warning C4305: 'argument': truncation from 'double' to 'float'
D:\DHMT\DHMT_BTL_final\Nhom 6_PhongHocA8_BTL\opengl_demo\main.cpp(1037,63): warning C4305: 'argument': truncation from 'double' to 'float'
D:\DHMT\DHMT_BTL_final\Nhom 6_PhongHocA8_BTL\opengl_demo\main.cpp(1037,57): warning C4305: 'argument': truncation from 'double' to 'float'
D:\DHMT\DHMT_BTL_final\Nhom 6_PhongHocA8_BTL\opengl_demo\main.cpp(1040,74): warning C4305: 'argument': truncation from 'double' to 'GLfloat'
D:\DHMT\DHMT_BTL_final\Nhom 6_PhongHocA8_BTL\opengl_demo\main.cpp(1040,68): warning C4305: 'argument': truncation from 'double' to 'GLfloat'
D:\DHMT\DHMT_BTL_final\Nhom 6_PhongHocA8_BTL\opengl_demo\main.cpp(1040,62): warning C4305: 'argument': truncation from 'double' to 'GLfloat'
D:\DHMT\DHMT_BTL_final\Nhom 6_PhongHocA8_BTL\opengl_demo\main.cpp(1045,39): warning C4305: 'argument': truncation from 'double' to 'float'
D:\DHMT\DHMT_BTL_final\Nhom 6_PhongHocA8_BTL\opengl_demo\main.cpp(1045,33): warning C4305: 'argument': truncation from 'double' to 'float'
D:\DHMT\DHMT_BTL_final\Nhom 6_PhongHocA8_BTL\opengl_demo\main.cpp(1045,28): warning C4305: 'argument': truncation from 'double' to 'float'
D:\DHMT\DHMT_BTL_final\Nhom 6_PhongHocA8_BTL\opengl_demo\main.cpp(1045,89): warning C4305: 'argument': truncation from 'double' to 'float'
D:\DHMT\DHMT_BTL_final\Nhom 6_PhongHocA8_BTL\opengl_demo\main.cpp(1045,119): warning C4305: 'argument': truncation from 'double' to 'float'
D:\DHMT\DHMT_BTL_final\Nhom 6_PhongHocA8_BTL\opengl_demo\main.cpp(1045,113): warning C4305: 'argument': truncation from 'double' to 'float'
D:\DHMT\DHMT_BTL_final\Nhom 6_PhongHocA8_BTL\opengl_demo\main.cpp(1045,108): warning C4305: 'argument': truncation from 'double' to 'float'
D:\DHMT\DHMT_BTL_final\Nhom 6_PhongHocA8_BTL\opengl_demo\main.cpp(1048,74): warning C4305: 'argument': truncation from 'double' to 'GLfloat'
D:\DHMT\DHMT_BTL_final\Nhom 6_PhongHocA8_BTL\opengl_demo\main.cpp(1048,68): warning C4305: 'argument': truncation from 'double' to 'GLfloat'
D:\DHMT\DHMT_BTL_final\Nhom 6_PhongHocA8_BTL\opengl_demo\main.cpp(1048,62): warning C4305: 'argument': truncation from 'double' to 'GLfloat'
D:\DHMT\DHMT_BTL_final\Nhom 6_PhongHocA8_BTL\opengl_demo\main.cpp(1053,40): warning C4305: 'argument': truncation from 'double' to 'float'
D:\DHMT\DHMT_BTL_final\Nhom 6_PhongHocA8_BTL\opengl_demo\main.cpp(1053,34): warning C4305: 'argument': truncation from 'double' to 'float'
D:\DHMT\DHMT_BTL_final\Nhom 6_PhongHocA8_BTL\opengl_demo\main.cpp(1053,28): warning C4305: 'argument': truncation from 'double' to 'float'
D:\DHMT\DHMT_BTL_final\Nhom 6_PhongHocA8_BTL\opengl_demo\main.cpp(1053,90): warning C4305: 'argument': truncation from 'double' to 'float'
D:\DHMT\DHMT_BTL_final\Nhom 6_PhongHocA8_BTL\opengl_demo\main.cpp(1053,120): warning C4305: 'argument': truncation from 'double' to 'float'
D:\DHMT\DHMT_BTL_final\Nhom 6_PhongHocA8_BTL\opengl_demo\main.cpp(1053,114): warning C4305: 'argument': truncation from 'double' to 'float'
D:\DHMT\DHMT_BTL_final\Nhom 6_PhongHocA8_BTL\opengl_demo\main.cpp(1053,109): warning C4305: 'argument': truncation from 'double' to 'float'
D:\DHMT\DHMT_BTL_final\Nhom 6_PhongHocA8_BTL\opengl_demo\main.cpp(1056,74): warning C4305: 'argument': truncation from 'double' to 'GLfloat'
D:\DHMT\DHMT_BTL_final\Nhom 6_PhongHocA8_BTL\opengl_demo\main.cpp(1056,68): warning C4305: 'argument': truncation from 'double' to 'GLfloat'
D:\DHMT\DHMT_BTL_final\Nhom 6_PhongHocA8_BTL\opengl_demo\main.cpp(1056,62): warning C4305: 'argument': truncation from 'double' to 'GLfloat'
D:\DHMT\DHMT_BTL_final\Nhom 6_PhongHocA8_BTL\opengl_demo\main.cpp(1060,52): warning C4244: 'argument': conversion from 'int' to 'float', possible loss of data
D:\DHMT\DHMT_BTL_final\Nhom 6_PhongHocA8_BTL\opengl_demo\main.cpp(1079,56): warning C4305: 'argument': truncation from 'double' to 'float'
D:\DHMT\DHMT_BTL_final\Nhom 6_PhongHocA8_BTL\opengl_demo\main.cpp(1079,51): warning C4305: 'argument': truncation from 'double' to 'float'
D:\DHMT\DHMT_BTL_final\Nhom 6_PhongHocA8_BTL\opengl_demo\main.cpp(1082,76): warning C4305: 'argument': truncation from 'double' to 'GLfloat'
D:\DHMT\DHMT_BTL_final\Nhom 6_PhongHocA8_BTL\opengl_demo\main.cpp(1082,69): warning C4305: 'argument': truncation from 'double' to 'GLfloat'
D:\DHMT\DHMT_BTL_final\Nhom 6_PhongHocA8_BTL\opengl_demo\main.cpp(1082,62): warning C4305: 'argument': truncation from 'double' to 'GLfloat'
D:\DHMT\DHMT_BTL_final\Nhom 6_PhongHocA8_BTL\opengl_demo\main.cpp(1089,56): warning C4305: 'argument': truncation from 'double' to 'float'
D:\DHMT\DHMT_BTL_final\Nhom 6_PhongHocA8_BTL\opengl_demo\main.cpp(1089,51): warning C4305: 'argument': truncation from 'double' to 'float'
D:\DHMT\DHMT_BTL_final\Nhom 6_PhongHocA8_BTL\opengl_demo\main.cpp(1092,76): warning C4305: 'argument': truncation from 'double' to 'GLfloat'
D:\DHMT\DHMT_BTL_final\Nhom 6_PhongHocA8_BTL\opengl_demo\main.cpp(1092,69): warning C4305: 'argument': truncation from 'double' to 'GLfloat'
D:\DHMT\DHMT_BTL_final\Nhom 6_PhongHocA8_BTL\opengl_demo\main.cpp(1092,62): warning C4305: 'argument': truncation from 'double' to 'GLfloat'
D:\DHMT\DHMT_BTL_final\Nhom 6_PhongHocA8_BTL\opengl_demo\main.cpp(1100,81): warning C4305: 'argument': truncation from 'double' to 'float'
D:\DHMT\DHMT_BTL_final\Nhom 6_PhongHocA8_BTL\opengl_demo\main.cpp(1100,76): warning C4305: 'argument': truncation from 'double' to 'float'
D:\DHMT\DHMT_BTL_final\Nhom 6_PhongHocA8_BTL\opengl_demo\main.cpp(1100,71): warning C4305: 'argument': truncation from 'double' to 'float'
D:\DHMT\DHMT_BTL_final\Nhom 6_PhongHocA8_BTL\opengl_demo\main.cpp(1110,15): warning C4305: 'argument': truncation from 'double' to 'float'
D:\DHMT\DHMT_BTL_final\Nhom 6_PhongHocA8_BTL\opengl_demo\main.cpp(1111,14): warning C4305: 'argument': truncation from 'double' to 'float'
D:\DHMT\DHMT_BTL_final\Nhom 6_PhongHocA8_BTL\opengl_demo\main.cpp(1112,15): warning C4305: 'argument': truncation from 'double' to 'float'
D:\DHMT\DHMT_BTL_final\Nhom 6_PhongHocA8_BTL\opengl_demo\main.cpp(1113,14): warning C4305: 'argument': truncation from 'double' to 'float'
D:\DHMT\DHMT_BTL_final\Nhom 6_PhongHocA8_BTL\opengl_demo\main.cpp(1114,15): warning C4305: 'argument': truncation from 'double' to 'float'
D:\DHMT\DHMT_BTL_final\Nhom 6_PhongHocA8_BTL\opengl_demo\main.cpp(1115,14): warning C4305: 'argument': truncation from 'double' to 'float'
D:\DHMT\DHMT_BTL_final\Nhom 6_PhongHocA8_BTL\opengl_demo\main.cpp(1116,15): warning C4305: 'argument': truncation from 'double' to 'float'
D:\DHMT\DHMT_BTL_final\Nhom 6_PhongHocA8_BTL\opengl_demo\main.cpp(1117,14): warning C4305: 'argument': truncation from 'double' to 'float'
D:\DHMT\DHMT_BTL_final\Nhom 6_PhongHocA8_BTL\opengl_demo\main.cpp(1118,15): warning C4305: 'argument': truncation from 'double' to 'float'
D:\DHMT\DHMT_BTL_final\Nhom 6_PhongHocA8_BTL\opengl_demo\main.cpp(1119,14): warning C4305: 'argument': truncation from 'double' to 'float'
D:\DHMT\DHMT_BTL_final\Nhom 6_PhongHocA8_BTL\opengl_demo\main.cpp(1120,15): warning C4305: 'argument': truncation from 'double' to 'float'
D:\DHMT\DHMT_BTL_final\Nhom 6_PhongHocA8_BTL\opengl_demo\main.cpp(1121,14): warning C4305: 'argument': truncation from 'double' to 'float'
D:\DHMT\DHMT_BTL_final\Nhom 6_PhongHocA8_BTL\opengl_demo\main.cpp(1122,15): warning C4305: 'argument': truncation from 'double' to 'float'
D:\DHMT\DHMT_BTL_final\Nhom 6_PhongHocA8_BTL\opengl_demo\main.cpp(1123,14): warning C4305: 'argument': truncation from 'double' to 'float'
D:\DHMT\DHMT_BTL_final\Nhom 6_PhongHocA8_BTL\opengl_demo\main.cpp(1135,62): warning C4305: 'argument': truncation from 'double' to 'float'
D:\DHMT\DHMT_BTL_final\Nhom 6_PhongHocA8_BTL\opengl_demo\main.cpp(1144,16): warning C4305: 'argument': truncation from 'double' to 'float'
D:\DHMT\DHMT_BTL_final\Nhom 6_PhongHocA8_BTL\opengl_demo\main.cpp(1144,11): warning C4305: 'argument': truncation from 'double' to 'float'
D:\DHMT\DHMT_BTL_final\Nhom 6_PhongHocA8_BTL\opengl_demo\main.cpp(1144,6): warning C4305: 'argument': truncation from 'double' to 'float'
D:\DHMT\DHMT_BTL_final\Nhom 6_PhongHocA8_BTL\opengl_demo\main.cpp(1155,68): warning C4305: 'argument': truncation from 'double' to 'GLfloat'
D:\DHMT\DHMT_BTL_final\Nhom 6_PhongHocA8_BTL\opengl_demo\main.cpp(1161,30): warning C4305: 'argument': truncation from 'double' to 'float'
D:\DHMT\DHMT_BTL_final\Nhom 6_PhongHocA8_BTL\opengl_demo\main.cpp(1162,34): warning C4305: 'argument': truncation from 'double' to 'float'
D:\DHMT\DHMT_BTL_final\Nhom 6_PhongHocA8_BTL\opengl_demo\main.cpp(1323,12): warning C4305: '-=': truncation from 'double' to 'float'
D:\DHMT\DHMT_BTL_final\Nhom 6_PhongHocA8_BTL\opengl_demo\main.cpp(1324,29): warning C4305: '=': truncation from 'double' to 'float'
D:\DHMT\DHMT_BTL_final\Nhom 6_PhongHocA8_BTL\opengl_demo\main.cpp(1328,12): warning C4305: '+=': truncation from 'double' to 'float'
D:\DHMT\DHMT_BTL_final\Nhom 6_PhongHocA8_BTL\opengl_demo\main.cpp(1388,15): warning C4305: '-=': truncation from 'double' to 'float'
D:\DHMT\DHMT_BTL_final\Nhom 6_PhongHocA8_BTL\opengl_demo\main.cpp(1389,16): warning C4305: '-=': truncation from 'double' to 'float'
D:\DHMT\DHMT_BTL_final\Nhom 6_PhongHocA8_BTL\opengl_demo\main.cpp(1393,15): warning C4305: '+=': truncation from 'double' to 'float'
D:\DHMT\DHMT_BTL_final\Nhom 6_PhongHocA8_BTL\opengl_demo\main.cpp(1394,16): warning C4305: '+=': truncation from 'double' to 'float'
D:\DHMT\DHMT_BTL_final\Nhom 6_PhongHocA8_BTL\opengl_demo\main.cpp(1398,15): warning C4305: '-=': truncation from 'double' to 'float'
D:\DHMT\DHMT_BTL_final\Nhom 6_PhongHocA8_BTL\opengl_demo\main.cpp(1399,16): warning C4305: '-=': truncation from 'double' to 'float'
D:\DHMT\DHMT_BTL_final\Nhom 6_PhongHocA8_BTL\opengl_demo\main.cpp(1403,15): warning C4305: '+=': truncation from 'double' to 'float'
D:\DHMT\DHMT_BTL_final\Nhom 6_PhongHocA8_BTL\opengl_demo\main.cpp(1404,16): warning C4305: '+=': truncation from 'double' to 'float'
D:\DHMT\DHMT_BTL_final\Nhom 6_PhongHocA8_BTL\opengl_demo\main.cpp(1478,19): warning C4566: character represented by universal-character-name '\u1EDB' cannot be represented in the current code page (1258)
D:\DHMT\DHMT_BTL_final\Nhom 6_PhongHocA8_BTL\opengl_demo\main.cpp(1478,19): warning C4566: character represented by universal-character-name '\u1ECD' cannot be represented in the current code page (1258)
  opengl_demo.vcxproj -> D:\DHMT\DHMT_BTL_final\Nhom 6_PhongHocA8_BTL\x64\Debug\opengl_demo.exe
